2021-26-08 16:10:21   INFO [pages.ViewListOfFeedbacks_Page_MainModerator] : sitehttps://metinvest-intranet-test.azurewebsites.net/ru/feedback/list/2422 are opened
2021-26-08 16:10:28   INFO [libs.Actions] : Close last popUplast element clicked
2021-26-08 16:10:30   INFO [libs.Actions] : 1 - number of closeBtn
2021-26-08 16:10:30   INFO [libs.Actions] : last close btn clicked
2021-26-08 16:10:36   INFO [pages.ViewListOfFeedbacks_Page_MainModerator] : sitehttps://metinvest-intranet-test.azurewebsites.net/ru/feedback/list/2422 are opened
2021-26-08 16:10:37   INFO [pages.ViewListOfFeedbacks_Page_MainModerator] : <button _ngcontent-c32 class="dynamic-form-button feedback-button mat-button cdk-focused cdk-mouse-focused" mat-button type="button" value>Снять с публикации в ЧаВо</button>clicked
2021-26-08 16:10:44   INFO [pages.CreateNewFeedback_Page_MainModerator] : accordions choosed
2021-26-08 16:17:30   INFO [pages.CreateNewFeedback_Page_MainModerator] : portal Channel choosed
2021-26-08 16:17:41   INFO [pages.CreateNewFeedback_Page_MainModerator] : Production selected in DDTopicField
2021-26-08 16:17:42   INFO [pages.ViewListOfFeedbacks_Page_MainModerator] : text recoded2423
2021-26-08 16:17:48   INFO [pages.ViewListOfFeedbacks_Page_MainModerator] : sitehttps://metinvest-intranet-test.azurewebsites.net/ru/feedback/list/2423 are opened
2021-26-08 16:17:55   INFO [libs.Actions] : Close last popUplast element clicked
2021-26-08 16:17:57   INFO [libs.Actions] : 1 - number of closeBtn
2021-26-08 16:17:57   INFO [libs.Actions] : last close btn clicked
2021-26-08 16:18:03   INFO [pages.ViewListOfFeedbacks_Page_MainModerator] : sitehttps://metinvest-intranet-test.azurewebsites.net/ru/feedback/list/2423 are opened
2021-26-08 16:18:04   INFO [pages.ViewListOfFeedbacks_Page_MainModerator] : <button _ngcontent-c32 class="dynamic-form-button feedback-button mat-button cdk-focused cdk-mouse-focused" mat-button type="button" value>Снять с публикации в ЧаВо</button>clicked
2021-26-08 16:18:10   INFO [pages.CreateNewFeedback_Page_MainModerator] : accordions choosed
2021-26-08 17:08:11   INFO [pages.CreateNewFeedback_Page_MainModerator] : portal Channel choosed
2021-26-08 17:08:22   INFO [pages.CreateNewFeedback_Page_MainModerator] : Production selected in DDTopicField
2021-26-08 17:08:24   INFO [pages.ViewListOfFeedbacks_Page_MainModerator] : text recoded
2021-26-08 17:08:30   INFO [pages.ViewListOfFeedbacks_Page_MainModerator] : sitehttps://metinvest-intranet-test.azurewebsites.net/ru/feedback/list/ are opened
2021-26-08 17:09:04   INFO [pages.CreateNewFeedback_Page_MainModerator] : portal Channel choosed
2021-26-08 17:09:15   INFO [pages.CreateNewFeedback_Page_MainModerator] : Production selected in DDTopicField
2021-26-08 17:09:17   INFO [pages.ViewListOfFeedbacks_Page_MainModerator] : text recoded2425
2021-26-08 17:09:22   INFO [pages.ViewListOfFeedbacks_Page_MainModerator] : sitehttps://metinvest-intranet-test.azurewebsites.net/ru/feedback/list/2425 are opened
2021-26-08 17:09:32   INFO [libs.Actions] : Close last popUplast element clicked
2021-26-08 17:09:34   INFO [libs.Actions] : 1 - number of closeBtn
2021-26-08 17:09:34   INFO [libs.Actions] : last close btn clicked
2021-26-08 17:09:40   INFO [pages.ViewListOfFeedbacks_Page_MainModerator] : sitehttps://metinvest-intranet-test.azurewebsites.net/ru/feedback/list/2425 are opened
2021-26-08 17:09:42   INFO [pages.ViewListOfFeedbacks_Page_MainModerator] : <button _ngcontent-c32 class="dynamic-form-button feedback-button mat-button" mat-button type="button" value>Опубликовать в ЧаВо</button>clicked
2021-26-08 17:09:48   INFO [pages.CreateNewFeedback_Page_MainModerator] : accordions choosed
2021-26-08 17:13:10   INFO [pages.CreateNewFeedback_Page_MainModerator] : portal Channel choosed
2021-26-08 17:13:20   INFO [pages.CreateNewFeedback_Page_MainModerator] : Production selected in DDTopicField
2021-26-08 17:13:21   INFO [pages.ViewListOfFeedbacks_Page_MainModerator] : text recoded
2021-26-08 17:13:28   INFO [pages.ViewListOfFeedbacks_Page_MainModerator] : sitehttps://metinvest-intranet-test.azurewebsites.net/ru/feedback/list/ are opened
2021-26-08 17:14:03   INFO [pages.CreateNewFeedback_Page_MainModerator] : portal Channel choosed
2021-26-08 17:14:13   INFO [pages.CreateNewFeedback_Page_MainModerator] : Production selected in DDTopicField
2021-26-08 17:14:14   INFO [pages.ViewListOfFeedbacks_Page_MainModerator] : text recoded2427
2021-26-08 17:14:21   INFO [pages.ViewListOfFeedbacks_Page_MainModerator] : sitehttps://metinvest-intranet-test.azurewebsites.net/ru/feedback/list/2427 are opened
2021-26-08 17:15:11   INFO [pages.CreateNewFeedback_Page_MainModerator] : portal Channel choosed
2021-26-08 17:15:22   INFO [pages.CreateNewFeedback_Page_MainModerator] : Production selected in DDTopicField
2021-26-08 17:15:23   INFO [pages.ViewListOfFeedbacks_Page_MainModerator] : text recoded2428
2021-26-08 17:15:29   INFO [pages.ViewListOfFeedbacks_Page_MainModerator] : sitehttps://metinvest-intranet-test.azurewebsites.net/ru/feedback/list/2428 are opened
2021-26-08 17:15:35   INFO [libs.Actions] : Close last popUplast element clicked
2021-26-08 17:15:37   INFO [libs.Actions] : 1 - number of closeBtn
2021-26-08 17:15:38   INFO [libs.Actions] : last close btn clicked
2021-26-08 17:15:45   INFO [pages.ViewListOfFeedbacks_Page_MainModerator] : sitehttps://metinvest-intranet-test.azurewebsites.net/ru/feedback/list/2428 are opened
2021-26-08 17:15:47   INFO [pages.ViewListOfFeedbacks_Page_MainModerator] : <button _ngcontent-c32 class="dynamic-form-button feedback-button mat-button cdk-focused cdk-mouse-focused" mat-button type="button" value>Снять с публикации в ЧаВо</button>clicked
2021-26-08 17:15:54   INFO [pages.CreateNewFeedback_Page_MainModerator] : accordions choosed
2021-27-08 09:19:51   INFO [pages.CreateNewFeedback_Page_MainModerator] : portal Channel choosed
2021-27-08 09:20:02   INFO [pages.CreateNewFeedback_Page_MainModerator] : Production selected in DDTopicField
2021-27-08 09:20:46   INFO [pages.CreateNewFeedback_Page_MainModerator] : portal Channel choosed
2021-27-08 09:20:57   INFO [pages.CreateNewFeedback_Page_MainModerator] : Production selected in DDTopicField
2021-27-08 09:20:57   INFO [pages.ViewListOfFeedbacks_Page_MainModerator] : text recoded2430
2021-27-08 09:21:04   INFO [pages.ViewListOfFeedbacks_Page_MainModerator] : sitehttps://metinvest-intranet-test.azurewebsites.net/ru/feedback/list/2430 are opened
2021-27-08 09:21:13   INFO [libs.Actions] : Close last popUplast element clicked
2021-27-08 09:21:15   INFO [libs.Actions] : 1 - number of closeBtn
2021-27-08 09:21:15   INFO [libs.Actions] : last close btn clicked
2021-27-08 09:21:21   INFO [pages.ViewListOfFeedbacks_Page_MainModerator] : sitehttps://metinvest-intranet-test.azurewebsites.net/ru/feedback/list/2430 are opened
2021-27-08 09:21:24   INFO [pages.ViewListOfFeedbacks_Page_MainModerator] : <button _ngcontent-c32 class="dynamic-form-button feedback-button mat-button cdk-focused cdk-mouse-focused" mat-button type="button" value>Снять с публикации в ЧаВо</button>clicked
2021-27-08 09:21:32   INFO [pages.CreateNewFeedback_Page_MainModerator] : accordions choosed
2021-27-08 09:30:06   INFO [pages.CreateNewFeedback_Page_MainModerator] : portal Channel choosed
2021-27-08 09:30:16   INFO [pages.CreateNewFeedback_Page_MainModerator] : Production selected in DDTopicField
2021-27-08 09:30:17   INFO [pages.ViewListOfFeedbacks_Page_MainModerator] : text recoded
2021-27-08 09:30:25   INFO [pages.ViewListOfFeedbacks_Page_MainModerator] : sitehttps://metinvest-intranet-test.azurewebsites.net/ru/feedback/list/ are opened
2021-27-08 09:31:08   INFO [pages.CreateNewFeedback_Page_MainModerator] : portal Channel choosed
2021-27-08 09:31:19   INFO [pages.CreateNewFeedback_Page_MainModerator] : Production selected in DDTopicField
2021-27-08 09:31:19   INFO [pages.ViewListOfFeedbacks_Page_MainModerator] : text recoded2432
2021-27-08 09:31:25   INFO [pages.ViewListOfFeedbacks_Page_MainModerator] : sitehttps://metinvest-intranet-test.azurewebsites.net/ru/feedback/list/2432 are opened
2021-27-08 09:31:32   INFO [libs.Actions] : Close last popUplast element clicked
2021-27-08 09:31:34   INFO [libs.Actions] : 1 - number of closeBtn
2021-27-08 09:31:34   INFO [libs.Actions] : last close btn clicked
2021-27-08 09:31:40   INFO [pages.ViewListOfFeedbacks_Page_MainModerator] : sitehttps://metinvest-intranet-test.azurewebsites.net/ru/feedback/list/2432 are opened
2021-27-08 09:31:41   INFO [pages.ViewListOfFeedbacks_Page_MainModerator] : <button _ngcontent-c32 class="dynamic-form-button feedback-button mat-button cdk-focused cdk-mouse-focused" mat-button type="button" value>Снять с публикации в ЧаВо</button>clicked
2021-27-08 09:31:49   INFO [pages.CreateNewFeedback_Page_MainModerator] : accordions choosed
2021-27-08 09:31:56   INFO [pages.CreateNewFeedback_Page_MainModerator] : TRUE
2021-27-08 09:32:03   INFO [pages.CreateNewFeedback_Page_MainModerator] : TRUE
2021-27-08 10:41:49   INFO [pages.CreateNewFeedback_Page_MainModerator] : portal Channel choosed
2021-27-08 10:41:59   INFO [pages.CreateNewFeedback_Page_MainModerator] : Production selected in DDTopicField
2021-27-08 10:42:02   INFO [pages.ViewListOfFeedbacks_Page_MainModerator] : text recoded2433
2021-27-08 10:42:10   INFO [pages.ViewListOfFeedbacks_Page_MainModerator] : sitehttps://metinvest-intranet-test.azurewebsites.net/ru/feedback/list/2433 are opened
2021-27-08 10:42:47   INFO [pages.CreateNewFeedback_Page_MainModerator] : portal Channel choosed
2021-27-08 10:42:58   INFO [pages.CreateNewFeedback_Page_MainModerator] : Production selected in DDTopicField
2021-27-08 10:42:58   INFO [pages.ViewListOfFeedbacks_Page_MainModerator] : text recoded2434
2021-27-08 10:43:04   INFO [pages.ViewListOfFeedbacks_Page_MainModerator] : sitehttps://metinvest-intranet-test.azurewebsites.net/ru/feedback/list/2434 are opened
2021-27-08 10:43:13   INFO [libs.Actions] : Close last popUplast element clicked
2021-27-08 10:43:15   INFO [libs.Actions] : 1 - number of closeBtn
2021-27-08 10:43:15   INFO [libs.Actions] : last close btn clicked
2021-27-08 10:43:22   INFO [pages.ViewListOfFeedbacks_Page_MainModerator] : sitehttps://metinvest-intranet-test.azurewebsites.net/ru/feedback/list/2434 are opened
2021-27-08 10:43:23   INFO [pages.ViewListOfFeedbacks_Page_MainModerator] : <button _ngcontent-c32 class="dynamic-form-button feedback-button mat-button cdk-focused cdk-mouse-focused" mat-button type="button" value>Снять с публикации в ЧаВо</button>clicked
2021-27-08 10:43:30   INFO [pages.CreateNewFeedback_Page_MainModerator] : accordions choosed
2021-27-08 10:43:37   INFO [pages.CreateNewFeedback_Page_MainModerator] : TRUE
2021-27-08 10:43:44   INFO [pages.CreateNewFeedback_Page_MainModerator] : TRUE
2021-27-08 10:54:44   INFO [pages.CreateNewFeedback_Page_MainModerator] : portal Channel choosed
2021-27-08 10:54:55   INFO [pages.CreateNewFeedback_Page_MainModerator] : Production selected in DDTopicField
2021-27-08 10:54:56   INFO [pages.ViewListOfFeedbacks_Page_MainModerator] : text recoded2435
2021-27-08 10:55:01   INFO [pages.ViewListOfFeedbacks_Page_MainModerator] : sitehttps://metinvest-intranet-test.azurewebsites.net/ru/feedback/list/2435 are opened
2021-27-08 10:55:08   INFO [libs.Actions] : Close last popUplast element clicked
2021-27-08 10:55:10   INFO [libs.Actions] : 1 - number of closeBtn
2021-27-08 10:55:10   INFO [libs.Actions] : last close btn clicked
2021-27-08 10:55:16   INFO [pages.ViewListOfFeedbacks_Page_MainModerator] : sitehttps://metinvest-intranet-test.azurewebsites.net/ru/feedback/list/2435 are opened
2021-27-08 10:55:19   INFO [pages.ViewListOfFeedbacks_Page_MainModerator] : <button _ngcontent-c32 class="dynamic-form-button feedback-button mat-button cdk-focused cdk-mouse-focused" mat-button type="button" value>Снять с публикации в ЧаВо</button>clicked
2021-27-08 10:55:25   INFO [pages.CreateNewFeedback_Page_MainModerator] : accordions choosed
2021-27-08 10:55:32   INFO [pages.CreateNewFeedback_Page_MainModerator] : TRUE
2021-27-08 10:55:39   INFO [pages.CreateNewFeedback_Page_MainModerator] : TRUE
2021-27-08 11:44:28   INFO [pages.CreateNewFeedback_Page_MainModerator] : portal Channel choosed
2021-27-08 11:44:39   INFO [pages.CreateNewFeedback_Page_MainModerator] : Production selected in DDTopicField
2021-27-08 11:44:40   INFO [pages.ViewListOfFeedbacks_Page_MainModerator] : text recoded2436
2021-27-08 11:44:46   INFO [pages.ViewListOfFeedbacks_Page_MainModerator] : sitehttps://metinvest-intranet-test.azurewebsites.net/ru/feedback/list/2436 are opened
2021-27-08 11:44:54   INFO [libs.Actions] : Close last popUplast element clicked
2021-27-08 11:44:56   INFO [libs.Actions] : 1 - number of closeBtn
2021-27-08 11:44:56   INFO [libs.Actions] : last close btn clicked
2021-27-08 11:45:02   INFO [pages.ViewListOfFeedbacks_Page_MainModerator] : sitehttps://metinvest-intranet-test.azurewebsites.net/ru/feedback/list/2436 are opened
2021-27-08 11:45:04   INFO [pages.ViewListOfFeedbacks_Page_MainModerator] : <button _ngcontent-c32 class="dynamic-form-button feedback-button mat-button" mat-button type="button" value>Опубликовать в ЧаВо</button>clicked
2021-27-08 11:45:10   INFO [pages.CreateNewFeedback_Page_MainModerator] : accordions choosed
2021-27-08 11:45:17   INFO [pages.CreateNewFeedback_Page_MainModerator] : TRUE
2021-27-08 11:45:24   INFO [pages.CreateNewFeedback_Page_MainModerator] : TRUE
2021-27-08 12:04:20   INFO [pages.CreateNewFeedback_Page_MainModerator] : portal Channel choosed
2021-27-08 12:04:30   INFO [pages.CreateNewFeedback_Page_MainModerator] : Production selected in DDTopicField
2021-27-08 12:04:31   INFO [pages.ViewListOfFeedbacks_Page_MainModerator] : text recoded2437
2021-27-08 12:04:39   INFO [pages.ViewListOfFeedbacks_Page_MainModerator] : sitehttps://metinvest-intranet-test.azurewebsites.net/ru/feedback/list/2437 are opened
2021-27-08 12:05:26   INFO [pages.CreateNewFeedback_Page_MainModerator] : portal Channel choosed
2021-27-08 12:05:37   INFO [pages.CreateNewFeedback_Page_MainModerator] : Production selected in DDTopicField
2021-27-08 12:05:37   INFO [pages.ViewListOfFeedbacks_Page_MainModerator] : text recoded2438
2021-27-08 12:05:44   INFO [pages.ViewListOfFeedbacks_Page_MainModerator] : sitehttps://metinvest-intranet-test.azurewebsites.net/ru/feedback/list/2438 are opened
2021-27-08 12:05:52   INFO [libs.Actions] : Close last popUplast element clicked
2021-27-08 12:05:54   INFO [libs.Actions] : 1 - number of closeBtn
2021-27-08 12:05:54   INFO [libs.Actions] : last close btn clicked
2021-27-08 12:06:00   INFO [pages.ViewListOfFeedbacks_Page_MainModerator] : sitehttps://metinvest-intranet-test.azurewebsites.net/ru/feedback/list/2438 are opened
2021-27-08 12:06:02   INFO [pages.ViewListOfFeedbacks_Page_MainModerator] : <button _ngcontent-c32 class="dynamic-form-button feedback-button mat-button cdk-focused cdk-mouse-focused" mat-button type="button" value>Снять с публикации в ЧаВо</button>clicked
2021-27-08 12:06:09   INFO [pages.CreateNewFeedback_Page_MainModerator] : accordions choosed
2021-27-08 12:06:16   INFO [pages.CreateNewFeedback_Page_MainModerator] : TRUE
2021-27-08 12:06:23   INFO [pages.CreateNewFeedback_Page_MainModerator] : TRUE
2021-27-08 12:41:34   INFO [pages.CreateNewFeedback_Page_MainModerator] : portal Channel choosed
2021-27-08 12:41:44   INFO [pages.CreateNewFeedback_Page_MainModerator] : Production selected in DDTopicField
2021-27-08 12:42:21   INFO [pages.CreateNewFeedback_Page_MainModerator] : portal Channel choosed
2021-27-08 12:42:31   INFO [pages.CreateNewFeedback_Page_MainModerator] : Production selected in DDTopicField
2021-27-08 12:42:32   INFO [pages.ViewListOfFeedbacks_Page_MainModerator] : text recoded2440
2021-27-08 12:42:38   INFO [pages.ViewListOfFeedbacks_Page_MainModerator] : sitehttps://metinvest-intranet-test.azurewebsites.net/ru/feedback/list/2440 are opened
2021-27-08 12:43:17   INFO [pages.CreateNewFeedback_Page_MainModerator] : portal Channel choosed
2021-27-08 12:43:27   INFO [pages.CreateNewFeedback_Page_MainModerator] : Production selected in DDTopicField
2021-27-08 12:43:28   INFO [pages.ViewListOfFeedbacks_Page_MainModerator] : text recoded2441
2021-27-08 12:43:34   INFO [pages.ViewListOfFeedbacks_Page_MainModerator] : sitehttps://metinvest-intranet-test.azurewebsites.net/ru/feedback/list/2441 are opened
2021-27-08 12:43:41   INFO [libs.Actions] : Close last popUplast element clicked
2021-27-08 12:43:43   INFO [libs.Actions] : 1 - number of closeBtn
2021-27-08 12:43:43   INFO [libs.Actions] : last close btn clicked
2021-27-08 12:43:50   INFO [pages.ViewListOfFeedbacks_Page_MainModerator] : sitehttps://metinvest-intranet-test.azurewebsites.net/ru/feedback/list/2441 are opened
2021-27-08 12:43:52   INFO [pages.ViewListOfFeedbacks_Page_MainModerator] : <button _ngcontent-c32 class="dynamic-form-button feedback-button mat-button cdk-focused cdk-mouse-focused" mat-button type="button" value>Снять с публикации в ЧаВо</button>clicked
2021-27-08 12:43:59   INFO [pages.CreateNewFeedback_Page_MainModerator] : accordions choosed
2021-27-08 12:44:09   INFO [pages.CreateNewFeedback_Page_MainModerator] : opened last feedback in topic PRODUCT in FAQ
2021-27-08 12:53:24   INFO [pages.CreateNewFeedback_Page_MainModerator] : portal Channel choosed
2021-27-08 12:53:34   INFO [pages.CreateNewFeedback_Page_MainModerator] : Production selected in DDTopicField
2021-27-08 12:53:35   INFO [pages.ViewListOfFeedbacks_Page_MainModerator] : text recoded
2021-27-08 12:53:43   INFO [pages.ViewListOfFeedbacks_Page_MainModerator] : sitehttps://metinvest-intranet-test.azurewebsites.net/ru/feedback/list/ are opened
2021-27-08 12:54:18   INFO [pages.CreateNewFeedback_Page_MainModerator] : portal Channel choosed
2021-27-08 12:54:29   INFO [pages.CreateNewFeedback_Page_MainModerator] : Production selected in DDTopicField
2021-27-08 12:54:30   INFO [pages.ViewListOfFeedbacks_Page_MainModerator] : text recoded2443
2021-27-08 12:54:36   INFO [pages.ViewListOfFeedbacks_Page_MainModerator] : sitehttps://metinvest-intranet-test.azurewebsites.net/ru/feedback/list/2443 are opened
2021-27-08 12:54:43   INFO [libs.Actions] : Close last popUplast element clicked
2021-27-08 12:54:45   INFO [libs.Actions] : 1 - number of closeBtn
2021-27-08 12:54:45   INFO [libs.Actions] : last close btn clicked
2021-27-08 12:54:50   INFO [pages.ViewListOfFeedbacks_Page_MainModerator] : sitehttps://metinvest-intranet-test.azurewebsites.net/ru/feedback/list/2443 are opened
2021-27-08 12:54:52   INFO [pages.ViewListOfFeedbacks_Page_MainModerator] : <button _ngcontent-c32 class="dynamic-form-button feedback-button mat-button cdk-focused cdk-mouse-focused" mat-button type="button" value>Снять с публикации в ЧаВо</button>clicked
2021-27-08 12:54:58   INFO [pages.CreateNewFeedback_Page_MainModerator] : accordions choosed
2021-27-08 12:55:09   INFO [pages.CreateNewFeedback_Page_MainModerator] : opened last feedback in topic PRODUCT in FAQ
2021-27-08 12:57:03   INFO [pages.CreateNewFeedback_Page_MainModerator] : portal Channel choosed
2021-27-08 12:57:14   INFO [pages.CreateNewFeedback_Page_MainModerator] : Production selected in DDTopicField
2021-27-08 12:57:15   INFO [pages.ViewListOfFeedbacks_Page_MainModerator] : text recoded2444
2021-27-08 12:57:22   INFO [pages.ViewListOfFeedbacks_Page_MainModerator] : sitehttps://metinvest-intranet-test.azurewebsites.net/ru/feedback/list/2444 are opened
2021-27-08 12:57:29   INFO [libs.Actions] : Close last popUplast element clicked
2021-27-08 12:57:31   INFO [libs.Actions] : 1 - number of closeBtn
2021-27-08 12:57:31   INFO [libs.Actions] : last close btn clicked
2021-27-08 12:57:37   INFO [pages.ViewListOfFeedbacks_Page_MainModerator] : sitehttps://metinvest-intranet-test.azurewebsites.net/ru/feedback/list/2444 are opened
2021-27-08 12:57:39   INFO [pages.ViewListOfFeedbacks_Page_MainModerator] : <button _ngcontent-c32 class="dynamic-form-button feedback-button mat-button cdk-focused cdk-mouse-focused" mat-button type="button" value>Снять с публикации в ЧаВо</button>clicked
2021-27-08 12:57:45   INFO [pages.CreateNewFeedback_Page_MainModerator] : accordions choosed
2021-27-08 12:57:55   INFO [pages.CreateNewFeedback_Page_MainModerator] : opened last feedback in topic PRODUCT in FAQ
2021-27-08 14:25:56   INFO [pages.CreateNewFeedback_Page_MainModerator] : portal Channel choosed
2021-27-08 14:26:07   INFO [pages.CreateNewFeedback_Page_MainModerator] : Production selected in DDTopicField
2021-27-08 14:26:56   INFO [pages.CreateNewFeedback_Page_MainModerator] : portal Channel choosed
2021-27-08 14:27:06   INFO [pages.CreateNewFeedback_Page_MainModerator] : Production selected in DDTopicField
2021-27-08 14:27:07   INFO [pages.ViewListOfFeedbacks_Page_MainModerator] : text recoded
2021-27-08 14:27:13   INFO [pages.ViewListOfFeedbacks_Page_MainModerator] : sitehttps://metinvest-intranet-test.azurewebsites.net/ru/feedback/list/ are opened
2021-27-08 14:27:52   INFO [pages.CreateNewFeedback_Page_MainModerator] : portal Channel choosed
2021-27-08 14:28:03   INFO [pages.CreateNewFeedback_Page_MainModerator] : Production selected in DDTopicField
2021-27-08 14:28:03   INFO [pages.ViewListOfFeedbacks_Page_MainModerator] : text recoded2447
2021-27-08 14:28:09   INFO [pages.ViewListOfFeedbacks_Page_MainModerator] : sitehttps://metinvest-intranet-test.azurewebsites.net/ru/feedback/list/2447 are opened
2021-27-08 14:28:17   INFO [libs.Actions] : Close last popUplast element clicked
2021-27-08 14:28:19   INFO [libs.Actions] : 1 - number of closeBtn
2021-27-08 14:28:19   INFO [libs.Actions] : last close btn clicked
2021-27-08 14:28:25   INFO [pages.ViewListOfFeedbacks_Page_MainModerator] : sitehttps://metinvest-intranet-test.azurewebsites.net/ru/feedback/list/2447 are opened
2021-27-08 14:28:28   INFO [pages.ViewListOfFeedbacks_Page_MainModerator] : <button _ngcontent-c32 class="dynamic-form-button feedback-button mat-button cdk-focused cdk-mouse-focused" mat-button type="button" value>Снять с публикации в ЧаВо</button>clicked
2021-27-08 14:28:35   INFO [pages.CreateNewFeedback_Page_MainModerator] : accordions choosed
2021-27-08 14:28:45   INFO [pages.CreateNewFeedback_Page_MainModerator] : opened last feedback in topic PRODUCT in FAQ
2021-28-08 15:23:55   INFO [pages.CreateNewFeedback_Page_MainModerator] : portal Channel choosed
2021-28-08 15:25:50   INFO [pages.CreateNewFeedback_Page_MainModerator] : portal Channel choosed
2021-28-08 15:26:00   INFO [pages.CreateNewFeedback_Page_MainModerator] : Production selected in DDTopicField
2021-28-08 15:31:54   INFO [pages.CreateNewFeedback_Page_MainModerator] : portal Channel choosed
2021-28-08 15:32:05   INFO [pages.CreateNewFeedback_Page_MainModerator] : Production selected in DDTopicField
2021-28-08 15:38:49   INFO [pages.CreateNewFeedback_Page_MainModerator] : portal Channel choosed
2021-28-08 15:38:59   INFO [pages.CreateNewFeedback_Page_MainModerator] : Production selected in DDTopicField
2021-28-08 15:39:00   INFO [pages.ViewListOfFeedbacks_Page_MainModerator] : number of Feedback is visible
2021-28-08 15:39:00   INFO [pages.ViewListOfFeedbacks_Page_MainModerator] : text recoded2450
2021-28-08 15:39:08   INFO [pages.ViewListOfFeedbacks_Page_MainModerator] : sitehttps://metinvest-intranet-test.azurewebsites.net/ru/feedback/list/2450 are opened
2021-28-08 15:39:58   INFO [pages.CreateNewFeedback_Page_MainModerator] : portal Channel choosed
2021-28-08 15:40:09   INFO [pages.CreateNewFeedback_Page_MainModerator] : Production selected in DDTopicField
2021-28-08 15:40:10   INFO [pages.ViewListOfFeedbacks_Page_MainModerator] : number of Feedback is visible
2021-28-08 15:40:10   INFO [pages.ViewListOfFeedbacks_Page_MainModerator] : text recoded2451
2021-28-08 15:43:31   INFO [pages.CreateNewFeedback_Page_MainModerator] : portal Channel choosed
2021-28-08 15:43:41   INFO [pages.CreateNewFeedback_Page_MainModerator] : Production selected in DDTopicField
2021-28-08 15:43:42   INFO [pages.ViewListOfFeedbacks_Page_MainModerator] : text recoded2452
2021-28-08 15:43:49   INFO [pages.ViewListOfFeedbacks_Page_MainModerator] : sitehttps://metinvest-intranet-test.azurewebsites.net/ru/feedback/list/2452 are opened
2021-28-08 15:43:58   INFO [libs.Actions] : Close last popUplast element clicked
2021-28-08 15:44:00   INFO [libs.Actions] : 1 - number of closeBtn
2021-28-08 15:44:00   INFO [libs.Actions] : last close btn clicked
2021-28-08 15:44:06   INFO [pages.ViewListOfFeedbacks_Page_MainModerator] : sitehttps://metinvest-intranet-test.azurewebsites.net/ru/feedback/list/2452 are opened
2021-28-08 15:44:09   INFO [pages.ViewListOfFeedbacks_Page_MainModerator] : <button _ngcontent-c32 class="dynamic-form-button feedback-button mat-button cdk-focused cdk-mouse-focused" mat-button type="button" value>Снять с публикации в ЧаВо</button>clicked
2021-28-08 15:44:16   INFO [pages.CreateNewFeedback_Page_MainModerator] : accordions choosed
2021-28-08 15:44:26   INFO [pages.CreateNewFeedback_Page_MainModerator] : opened last feedback in topic PRODUCT in FAQ
2021-28-08 15:57:48   INFO [pages.CreateNewFeedback_Page_MainModerator] : portal Channel choosed
2021-28-08 15:57:59   INFO [pages.CreateNewFeedback_Page_MainModerator] : Production selected in DDTopicField
2021-28-08 15:58:00   INFO [pages.ViewListOfFeedbacks_Page_MainModerator] : text recoded2453
2021-28-08 15:58:06   INFO [pages.ViewListOfFeedbacks_Page_MainModerator] : sitehttps://metinvest-intranet-test.azurewebsites.net/ru/feedback/list/2453 are opened
2021-28-08 15:58:13   INFO [libs.Actions] : Close last popUplast element clicked
2021-28-08 15:58:15   INFO [libs.Actions] : 1 - number of closeBtn
2021-28-08 15:58:16   INFO [libs.Actions] : last close btn clicked
2021-28-08 15:58:21   INFO [pages.ViewListOfFeedbacks_Page_MainModerator] : sitehttps://metinvest-intranet-test.azurewebsites.net/ru/feedback/list/2453 are opened
2021-28-08 15:58:23   INFO [pages.ViewListOfFeedbacks_Page_MainModerator] : <button _ngcontent-c32 class="dynamic-form-button feedback-button mat-button cdk-focused cdk-mouse-focused" mat-button type="button" value>Снять с публикации в ЧаВо</button>clicked
2021-28-08 15:58:32   INFO [pages.CreateNewFeedback_Page_MainModerator] : accordions choosed
2021-28-08 15:58:42   INFO [pages.CreateNewFeedback_Page_MainModerator] : opened last feedback in topic PRODUCT in FAQ
2021-28-08 16:08:14   INFO [pages.CreateNewFeedback_Page_MainModerator] : portal Channel choosed
2021-28-08 16:08:25   INFO [pages.CreateNewFeedback_Page_MainModerator] : Production selected in DDTopicField
2021-28-08 16:08:26   INFO [pages.ViewListOfFeedbacks_Page_MainModerator] : text recoded2454
2021-28-08 16:08:33   INFO [pages.ViewListOfFeedbacks_Page_MainModerator] : sitehttps://metinvest-intranet-test.azurewebsites.net/ru/feedback/list/2454 are opened
2021-28-08 16:08:41   INFO [libs.Actions] : Close last popUplast element clicked
2021-28-08 16:08:43   INFO [libs.Actions] : 1 - number of closeBtn
2021-28-08 16:08:43   INFO [libs.Actions] : last close btn clicked
2021-28-08 16:08:49   INFO [pages.ViewListOfFeedbacks_Page_MainModerator] : sitehttps://metinvest-intranet-test.azurewebsites.net/ru/feedback/list/2454 are opened
2021-28-08 16:08:52   INFO [pages.ViewListOfFeedbacks_Page_MainModerator] : <button _ngcontent-c32 class="dynamic-form-button feedback-button mat-button cdk-focused cdk-mouse-focused" mat-button type="button" value>Снять с публикации в ЧаВо</button>clicked
2021-28-08 16:08:59   INFO [pages.CreateNewFeedback_Page_MainModerator] : accordions choosed
2021-28-08 16:09:09   INFO [pages.CreateNewFeedback_Page_MainModerator] : opened last feedback in topic PRODUCT in FAQ
2021-28-08 16:12:20   INFO [pages.CreateNewFeedback_Page_MainModerator] : portal Channel choosed
2021-28-08 16:18:10   INFO [pages.CreateNewFeedback_Page_MainModerator] : portal Channel choosed
2021-28-08 16:18:10   INFO [pages.CreateNewFeedback_Page_MainModerator] : Production selected in DDTopicField
2021-28-08 16:19:18   INFO [pages.CreateNewFeedback_Page_MainModerator] : portal Channel choosed
2021-28-08 16:29:25   INFO [pages.CreateNewFeedback_Page_MainModerator] : portal Channel choosed
2021-28-08 16:37:23   INFO [pages.CreateNewFeedback_Page_MainModerator] : portal Channel choosed
2021-28-08 16:42:44   INFO [pages.CreateNewFeedback_Page_MainModerator] : portal Channel choosed
2021-28-08 16:42:44   INFO [pages.CreateNewFeedback_Page_MainModerator] : Production selected in DDTopicField
2021-28-08 16:42:46   INFO [pages.ViewListOfFeedbacks_Page_MainModerator] : text recoded2455
2021-28-08 16:43:50   INFO [pages.CreateNewFeedback_Page_MainModerator] : portal Channel choosed
2021-28-08 16:45:36   INFO [pages.CreateNewFeedback_Page_MainModerator] : portal Channel choosed
2021-28-08 16:45:37   INFO [pages.CreateNewFeedback_Page_MainModerator] : Production selected in DDTopicField
2021-28-08 16:45:38   INFO [pages.ViewListOfFeedbacks_Page_MainModerator] : text recoded2456
2021-28-08 16:46:13   INFO [pages.CreateNewFeedback_Page_MainModerator] : portal Channel choosed
2021-28-08 16:49:19   INFO [pages.CreateNewFeedback_Page_MainModerator] : portal Channel choosed
2021-28-08 16:56:02   INFO [pages.CreateNewFeedback_Page_MainModerator] : portal Channel choosed
2021-28-08 17:00:32   INFO [pages.CreateNewFeedback_Page_MainModerator] : portal Channel choosed
2021-28-08 17:00:35   INFO [pages.CreateNewFeedback_Page_MainModerator] : Production selected in DDTopicField
2021-28-08 17:00:36   INFO [pages.ViewListOfFeedbacks_Page_MainModerator] : text recoded2457
2021-28-08 17:01:15   INFO [pages.CreateNewFeedback_Page_MainModerator] : portal Channel choosed
2021-28-08 17:01:16   INFO [pages.CreateNewFeedback_Page_MainModerator] : Production selected in DDTopicField
2021-28-08 17:01:18   INFO [pages.ViewListOfFeedbacks_Page_MainModerator] : text recoded2458
2021-28-08 17:01:51   INFO [pages.CreateNewFeedback_Page_MainModerator] : portal Channel choosed
2021-28-08 17:08:53   INFO [pages.CreateNewFeedback_Page_MainModerator] : portal Channel choosed
2021-28-08 17:10:46   INFO [pages.CreateNewFeedback_Page_MainModerator] : portal Channel choosed
2021-28-08 17:13:06   INFO [pages.CreateNewFeedback_Page_MainModerator] : portal Channel choosed
2021-28-08 17:14:33   INFO [pages.CreateNewFeedback_Page_MainModerator] : portal Channel choosed
2021-28-08 17:14:44   INFO [pages.CreateNewFeedback_Page_MainModerator] : Production selected in DDTopicField
2021-28-08 17:14:47   INFO [pages.ViewListOfFeedbacks_Page_MainModerator] : text recoded2459
2021-30-08 14:57:21   INFO [pages.CreateNewFeedback_Page_MainModerator] : portal Channel choosed
2021-30-08 14:57:32   INFO [pages.CreateNewFeedback_Page_MainModerator] : Production selected in DDTopicField
2021-30-08 14:57:39   INFO [pages.ViewListOfFeedbacks_Page_MainModerator] : text recoded2460
2021-30-08 14:58:19   INFO [pages.CreateNewFeedback_Page_MainModerator] : portal Channel choosed
2021-30-08 14:58:29   INFO [pages.CreateNewFeedback_Page_MainModerator] : Production selected in DDTopicField
2021-30-08 14:58:31   INFO [pages.ViewListOfFeedbacks_Page_MainModerator] : text recoded2461
2021-30-08 14:59:23   INFO [pages.CreateNewFeedback_Page_MainModerator] : portal Channel choosed
2021-30-08 14:59:34   INFO [pages.CreateNewFeedback_Page_MainModerator] : Production selected in DDTopicField
2021-30-08 14:59:35   INFO [pages.ViewListOfFeedbacks_Page_MainModerator] : text recoded2462
2021-30-08 15:45:01   INFO [pages.CreateNewFeedback_Page_MainModerator] : portal Channel choosed
2021-30-08 15:45:12   INFO [pages.CreateNewFeedback_Page_MainModerator] : Production selected in DDTopicField
2021-30-08 15:45:13   INFO [pages.ViewListOfFeedbacks_Page_MainModerator] : text recoded2464
2021-30-08 15:45:19   INFO [pages.ViewListOfFeedbacks_Page_MainModerator] : sitehttps://metinvest-intranet-test.azurewebsites.net/ru/feedback/list/2464 are opened
2021-30-08 15:45:23   INFO [libs.Actions] : Close last popUplast element clicked
2021-30-08 15:45:25   INFO [libs.Actions] : 1 - number of closeBtn
2021-30-08 15:45:25   INFO [libs.Actions] : last close btn clicked
2021-30-08 15:45:31   INFO [pages.ViewListOfFeedbacks_Page_MainModerator] : sitehttps://metinvest-intranet-test.azurewebsites.net/ru/feedback/list/2464 are opened
2021-30-08 15:45:33   INFO [pages.ViewListOfFeedbacks_Page_MainModerator] : <button _ngcontent-c32 class="dynamic-form-button feedback-button mat-button cdk-focused cdk-mouse-focused" mat-button type="button" value>Снять с публикации в ЧаВо</button>clicked
2021-30-08 15:45:39   INFO [pages.CreateNewFeedback_Page_MainModerator] : accordions choosed
2021-30-08 15:45:49   INFO [pages.CreateNewFeedback_Page_MainModerator] : opened last feedback in topic PRODUCT in FAQ
2021-30-08 15:48:07   INFO [pages.CreateNewFeedback_Page_MainModerator] : portal Channel choosed
2021-30-08 15:48:18   INFO [pages.CreateNewFeedback_Page_MainModerator] : Production selected in DDTopicField
2021-30-08 15:48:19   INFO [pages.ViewListOfFeedbacks_Page_MainModerator] : text recoded2465
2021-30-08 15:48:31   INFO [pages.ViewListOfFeedbacks_Page_MainModerator] : sitehttps://metinvest-intranet-test.azurewebsites.net/ru/feedback/list/2465 are opened
2021-30-08 15:49:46   INFO [pages.CreateNewFeedback_Page_MainModerator] : portal Channel choosed
2021-30-08 15:49:57   INFO [pages.CreateNewFeedback_Page_MainModerator] : Production selected in DDTopicField
2021-30-08 15:49:58   INFO [pages.ViewListOfFeedbacks_Page_MainModerator] : text recoded2466
2021-30-08 15:50:07   INFO [pages.ViewListOfFeedbacks_Page_MainModerator] : sitehttps://metinvest-intranet-test.azurewebsites.net/ru/feedback/list/2466 are opened
2021-30-08 15:51:03   INFO [pages.CreateNewFeedback_Page_MainModerator] : portal Channel choosed
2021-30-08 15:51:13   INFO [pages.CreateNewFeedback_Page_MainModerator] : Production selected in DDTopicField
2021-30-08 15:51:14   INFO [pages.ViewListOfFeedbacks_Page_MainModerator] : text recoded2467
2021-30-08 15:51:21   INFO [pages.ViewListOfFeedbacks_Page_MainModerator] : sitehttps://metinvest-intranet-test.azurewebsites.net/ru/feedback/list/2467 are opened
2021-30-08 15:51:26   INFO [libs.Actions] : Close last popUplast element clicked
2021-30-08 15:51:28   INFO [libs.Actions] : 1 - number of closeBtn
2021-30-08 15:51:28   INFO [libs.Actions] : last close btn clicked
2021-30-08 15:51:34   INFO [pages.ViewListOfFeedbacks_Page_MainModerator] : sitehttps://metinvest-intranet-test.azurewebsites.net/ru/feedback/list/2467 are opened
2021-30-08 15:51:36   INFO [pages.ViewListOfFeedbacks_Page_MainModerator] : <button _ngcontent-c32 class="dynamic-form-button feedback-button mat-button cdk-focused cdk-mouse-focused" mat-button type="button" value>Снять с публикации в ЧаВо</button>clicked
2021-30-08 15:51:42   INFO [pages.CreateNewFeedback_Page_MainModerator] : accordions choosed
2021-30-08 15:51:52   INFO [pages.CreateNewFeedback_Page_MainModerator] : opened last feedback in topic PRODUCT in FAQ
2021-30-08 15:52:48   INFO [pages.CreateNewFeedback_Page_MainModerator] : portal Channel choosed
2021-30-08 15:52:59   INFO [pages.CreateNewFeedback_Page_MainModerator] : Production selected in DDTopicField
2021-30-08 15:52:59   INFO [pages.ViewListOfFeedbacks_Page_MainModerator] : text recoded2468
2021-30-08 15:53:05   INFO [pages.ViewListOfFeedbacks_Page_MainModerator] : sitehttps://metinvest-intranet-test.azurewebsites.net/ru/feedback/list/2468 are opened
2021-30-08 15:53:09   INFO [libs.Actions] : Close last popUplast element clicked
2021-30-08 15:53:11   INFO [libs.Actions] : 1 - number of closeBtn
2021-30-08 15:53:11   INFO [libs.Actions] : last close btn clicked
2021-30-08 15:53:17   INFO [pages.ViewListOfFeedbacks_Page_MainModerator] : sitehttps://metinvest-intranet-test.azurewebsites.net/ru/feedback/list/2468 are opened
2021-30-08 15:53:19   INFO [pages.ViewListOfFeedbacks_Page_MainModerator] : <button _ngcontent-c32 class="dynamic-form-button feedback-button mat-button cdk-focused cdk-mouse-focused" mat-button type="button" value>Снять с публикации в ЧаВо</button>clicked
2021-30-08 15:53:25   INFO [pages.CreateNewFeedback_Page_MainModerator] : accordions choosed
2021-30-08 15:53:35   INFO [pages.CreateNewFeedback_Page_MainModerator] : opened last feedback in topic PRODUCT in FAQ
2021-30-08 15:57:47   INFO [pages.CreateNewFeedback_Page_MainModerator] : portal Channel choosed
2021-30-08 15:57:58   INFO [pages.CreateNewFeedback_Page_MainModerator] : Production selected in DDTopicField
2021-30-08 16:00:07   INFO [pages.CreateNewFeedback_Page_MainModerator] : portal Channel choosed
2021-30-08 16:00:17   INFO [pages.CreateNewFeedback_Page_MainModerator] : Production selected in DDTopicField
2021-30-08 16:00:22   INFO [pages.ViewListOfFeedbacks_Page_MainModerator] : text recoded2469
2021-30-08 16:00:30   INFO [pages.ViewListOfFeedbacks_Page_MainModerator] : sitehttps://metinvest-intranet-test.azurewebsites.net/ru/feedback/list/2469 are opened
2021-30-08 16:01:45   INFO [pages.CreateNewFeedback_Page_MainModerator] : portal Channel choosed
2021-30-08 16:01:56   INFO [pages.CreateNewFeedback_Page_MainModerator] : Production selected in DDTopicField
2021-30-08 16:01:58   INFO [pages.ViewListOfFeedbacks_Page_MainModerator] : text recoded2470
2021-30-08 16:02:08   INFO [pages.ViewListOfFeedbacks_Page_MainModerator] : sitehttps://metinvest-intranet-test.azurewebsites.net/ru/feedback/list/2470 are opened
2021-30-08 16:02:14   INFO [libs.Actions] : Close last popUplast element clicked
2021-30-08 16:02:16   INFO [libs.Actions] : 1 - number of closeBtn
2021-30-08 16:02:16   INFO [libs.Actions] : last close btn clicked
2021-30-08 16:02:23   INFO [pages.ViewListOfFeedbacks_Page_MainModerator] : sitehttps://metinvest-intranet-test.azurewebsites.net/ru/feedback/list/2470 are opened
2021-30-08 16:02:25   INFO [pages.ViewListOfFeedbacks_Page_MainModerator] : <button _ngcontent-c32 class="dynamic-form-button feedback-button mat-button cdk-focused cdk-mouse-focused" mat-button type="button" value>Снять с публикации в ЧаВо</button>clicked
2021-30-08 16:02:33   INFO [pages.CreateNewFeedback_Page_MainModerator] : accordions choosed
2021-30-08 16:02:33   INFO [pages.CreateNewFeedback_Page_MainModerator] : opened last feedback in topic PRODUCT in FAQ
2021-30-08 16:18:19   INFO [pages.CreateNewFeedback_Page_MainModerator] : portal Channel choosed
2021-30-08 16:18:30   INFO [pages.CreateNewFeedback_Page_MainModerator] : Production selected in DDTopicField
2021-30-08 16:18:31   INFO [pages.ViewListOfFeedbacks_Page_MainModerator] : text recoded2471
2021-30-08 16:18:38   INFO [pages.ViewListOfFeedbacks_Page_MainModerator] : sitehttps://metinvest-intranet-test.azurewebsites.net/ru/feedback/list/2471 are opened
2021-30-08 16:18:45   INFO [libs.Actions] : Close last popUplast element clicked
2021-30-08 16:18:47   INFO [libs.Actions] : 1 - number of closeBtn
2021-30-08 16:18:48   INFO [libs.Actions] : last close btn clicked
2021-30-08 16:18:55   INFO [pages.ViewListOfFeedbacks_Page_MainModerator] : sitehttps://metinvest-intranet-test.azurewebsites.net/ru/feedback/list/2471 are opened
2021-30-08 16:18:57   INFO [pages.ViewListOfFeedbacks_Page_MainModerator] : <button _ngcontent-c32 class="dynamic-form-button feedback-button mat-button" mat-button type="button" value>Опубликовать в ЧаВо</button>clicked
2021-30-08 16:19:04   INFO [pages.CreateNewFeedback_Page_MainModerator] : accordions choosed
2021-30-08 16:19:04   INFO [pages.CreateNewFeedback_Page_MainModerator] : opened last feedback in topic PRODUCT in FAQ
2021-30-08 16:30:15   INFO [pages.CreateNewFeedback_Page_MainModerator] : portal Channel choosed
2021-30-08 16:30:26   INFO [pages.CreateNewFeedback_Page_MainModerator] : Production selected in DDTopicField
2021-30-08 16:30:26   INFO [pages.ViewListOfFeedbacks_Page_MainModerator] : text recoded2472
2021-30-08 16:30:33   INFO [pages.ViewListOfFeedbacks_Page_MainModerator] : sitehttps://metinvest-intranet-test.azurewebsites.net/ru/feedback/list/2472 are opened
2021-30-08 16:30:41   INFO [libs.Actions] : Close last popUplast element clicked
2021-30-08 16:30:43   INFO [libs.Actions] : 1 - number of closeBtn
2021-30-08 16:30:43   INFO [libs.Actions] : last close btn clicked
2021-30-08 16:30:48   INFO [pages.ViewListOfFeedbacks_Page_MainModerator] : sitehttps://metinvest-intranet-test.azurewebsites.net/ru/feedback/list/2472 are opened
2021-30-08 16:30:50   INFO [pages.ViewListOfFeedbacks_Page_MainModerator] : <button _ngcontent-c32 class="dynamic-form-button feedback-button mat-button cdk-focused cdk-mouse-focused" mat-button type="button" value>Снять с публикации в ЧаВо</button>clicked
2021-30-08 16:30:56   INFO [pages.CreateNewFeedback_Page_MainModerator] : accordions choosed
2021-30-08 16:30:56   INFO [pages.CreateNewFeedback_Page_MainModerator] : opened last feedback in topic PRODUCT in FAQ
2021-30-08 16:31:47   INFO [pages.CreateNewFeedback_Page_MainModerator] : portal Channel choosed
2021-30-08 16:31:58   INFO [pages.CreateNewFeedback_Page_MainModerator] : Production selected in DDTopicField
2021-30-08 16:31:59   INFO [pages.ViewListOfFeedbacks_Page_MainModerator] : text recoded2473
2021-30-08 16:32:06   INFO [pages.ViewListOfFeedbacks_Page_MainModerator] : sitehttps://metinvest-intranet-test.azurewebsites.net/ru/feedback/list/2473 are opened
2021-30-08 16:32:13   INFO [libs.Actions] : Close last popUplast element clicked
2021-30-08 16:32:15   INFO [libs.Actions] : 1 - number of closeBtn
2021-30-08 16:32:15   INFO [libs.Actions] : last close btn clicked
2021-30-08 16:32:21   INFO [pages.ViewListOfFeedbacks_Page_MainModerator] : sitehttps://metinvest-intranet-test.azurewebsites.net/ru/feedback/list/2473 are opened
2021-30-08 16:32:24   INFO [pages.ViewListOfFeedbacks_Page_MainModerator] : <button _ngcontent-c32 class="dynamic-form-button feedback-button mat-button cdk-focused cdk-mouse-focused" mat-button type="button" value>Снять с публикации в ЧаВо</button>clicked
2021-30-08 16:32:31   INFO [pages.CreateNewFeedback_Page_MainModerator] : accordions choosed
2021-30-08 16:32:31   INFO [pages.CreateNewFeedback_Page_MainModerator] : opened last feedback in topic PRODUCT in FAQ
2021-30-08 16:34:38   INFO [pages.CreateNewFeedback_Page_MainModerator] : portal Channel choosed
2021-30-08 16:34:48   INFO [pages.CreateNewFeedback_Page_MainModerator] : Production selected in DDTopicField
2021-30-08 16:34:49   INFO [pages.ViewListOfFeedbacks_Page_MainModerator] : text recoded2474
2021-30-08 16:34:55   INFO [pages.ViewListOfFeedbacks_Page_MainModerator] : sitehttps://metinvest-intranet-test.azurewebsites.net/ru/feedback/list/2474 are opened
2021-30-08 16:35:02   INFO [libs.Actions] : Close last popUplast element clicked
2021-30-08 16:35:04   INFO [libs.Actions] : 1 - number of closeBtn
2021-30-08 16:35:04   INFO [libs.Actions] : last close btn clicked
2021-30-08 16:35:10   INFO [pages.ViewListOfFeedbacks_Page_MainModerator] : sitehttps://metinvest-intranet-test.azurewebsites.net/ru/feedback/list/2474 are opened
2021-30-08 16:35:12   INFO [pages.ViewListOfFeedbacks_Page_MainModerator] : <button _ngcontent-c32 class="dynamic-form-button feedback-button mat-button cdk-focused cdk-mouse-focused" mat-button type="button" value>Снять с публикации в ЧаВо</button>clicked
2021-30-08 16:35:18   INFO [pages.CreateNewFeedback_Page_MainModerator] : accordions choosed
2021-30-08 16:35:18   INFO [pages.CreateNewFeedback_Page_MainModerator] : opened last feedback in topic PRODUCT in FAQ
2021-30-08 16:38:04   INFO [pages.CreateNewFeedback_Page_MainModerator] : portal Channel choosed
2021-30-08 16:38:14   INFO [pages.CreateNewFeedback_Page_MainModerator] : Production selected in DDTopicField
2021-30-08 16:38:15   INFO [pages.ViewListOfFeedbacks_Page_MainModerator] : text recoded2475
2021-30-08 16:38:21   INFO [pages.ViewListOfFeedbacks_Page_MainModerator] : sitehttps://metinvest-intranet-test.azurewebsites.net/ru/feedback/list/2475 are opened
2021-30-08 16:38:28   INFO [libs.Actions] : Close last popUplast element clicked
2021-30-08 16:38:30   INFO [libs.Actions] : 1 - number of closeBtn
2021-30-08 16:38:30   INFO [libs.Actions] : last close btn clicked
2021-30-08 16:38:36   INFO [pages.ViewListOfFeedbacks_Page_MainModerator] : sitehttps://metinvest-intranet-test.azurewebsites.net/ru/feedback/list/2475 are opened
2021-30-08 16:38:38   INFO [pages.ViewListOfFeedbacks_Page_MainModerator] : <button _ngcontent-c32 class="dynamic-form-button feedback-button mat-button cdk-focused cdk-mouse-focused" mat-button type="button" value>Снять с публикации в ЧаВо</button>clicked
2021-30-08 16:38:48   INFO [pages.CreateNewFeedback_Page_MainModerator] : accordions choosed
2021-30-08 16:38:48   INFO [pages.CreateNewFeedback_Page_MainModerator] : opened last feedback in topic PRODUCT in FAQ
2021-30-08 16:45:08   INFO [pages.CreateNewFeedback_Page_MainModerator] : portal Channel choosed
2021-30-08 16:45:19   INFO [pages.CreateNewFeedback_Page_MainModerator] : Production selected in DDTopicField
2021-30-08 16:45:20   INFO [pages.ViewListOfFeedbacks_Page_MainModerator] : text recoded2476
2021-30-08 16:45:28   INFO [pages.ViewListOfFeedbacks_Page_MainModerator] : sitehttps://metinvest-intranet-test.azurewebsites.net/ru/feedback/list/2476 are opened
2021-30-08 16:45:35   INFO [libs.Actions] : Close last popUplast element clicked
2021-30-08 16:45:37   INFO [libs.Actions] : 1 - number of closeBtn
2021-30-08 16:45:37   INFO [libs.Actions] : last close btn clicked
2021-30-08 16:45:43   INFO [pages.ViewListOfFeedbacks_Page_MainModerator] : sitehttps://metinvest-intranet-test.azurewebsites.net/ru/feedback/list/2476 are opened
2021-30-08 16:45:45   INFO [pages.ViewListOfFeedbacks_Page_MainModerator] : <button _ngcontent-c32 class="dynamic-form-button feedback-button mat-button cdk-focused cdk-mouse-focused" mat-button type="button" value>Снять с публикации в ЧаВо</button>clicked
2021-30-08 16:45:51   INFO [pages.CreateNewFeedback_Page_MainModerator] : accordions choosed
2021-30-08 16:45:51   INFO [pages.CreateNewFeedback_Page_MainModerator] : opened last feedback in topic PRODUCT in FAQ
2021-30-08 16:47:07   INFO [pages.CreateNewFeedback_Page_MainModerator] : portal Channel choosed
2021-30-08 16:47:18   INFO [pages.CreateNewFeedback_Page_MainModerator] : Production selected in DDTopicField
2021-30-08 16:47:19   INFO [pages.ViewListOfFeedbacks_Page_MainModerator] : text recoded2477
2021-30-08 16:47:25   INFO [pages.ViewListOfFeedbacks_Page_MainModerator] : sitehttps://metinvest-intranet-test.azurewebsites.net/ru/feedback/list/2477 are opened
2021-30-08 16:47:32   INFO [libs.Actions] : Close last popUplast element clicked
2021-30-08 16:47:34   INFO [libs.Actions] : 1 - number of closeBtn
2021-30-08 16:47:34   INFO [libs.Actions] : last close btn clicked
2021-30-08 16:47:40   INFO [pages.ViewListOfFeedbacks_Page_MainModerator] : sitehttps://metinvest-intranet-test.azurewebsites.net/ru/feedback/list/2477 are opened
2021-30-08 16:47:41   INFO [pages.ViewListOfFeedbacks_Page_MainModerator] : <button _ngcontent-c32 class="dynamic-form-button feedback-button mat-button cdk-focused cdk-mouse-focused" mat-button type="button" value>Снять с публикации в ЧаВо</button>clicked
2021-30-08 16:47:48   INFO [pages.CreateNewFeedback_Page_MainModerator] : accordions choosed
2021-30-08 16:47:48   INFO [pages.CreateNewFeedback_Page_MainModerator] : opened last feedback in topic PRODUCT in FAQ
2021-30-08 16:48:55   INFO [pages.CreateNewFeedback_Page_MainModerator] : portal Channel choosed
2021-30-08 16:49:05   INFO [pages.CreateNewFeedback_Page_MainModerator] : Production selected in DDTopicField
2021-30-08 16:49:06   INFO [pages.ViewListOfFeedbacks_Page_MainModerator] : text recoded2478
2021-30-08 16:49:12   INFO [pages.ViewListOfFeedbacks_Page_MainModerator] : sitehttps://metinvest-intranet-test.azurewebsites.net/ru/feedback/list/2478 are opened
2021-30-08 16:49:19   INFO [libs.Actions] : Close last popUplast element clicked
2021-30-08 16:49:21   INFO [libs.Actions] : 1 - number of closeBtn
2021-30-08 16:49:21   INFO [libs.Actions] : last close btn clicked
2021-30-08 16:49:27   INFO [pages.ViewListOfFeedbacks_Page_MainModerator] : sitehttps://metinvest-intranet-test.azurewebsites.net/ru/feedback/list/2478 are opened
2021-30-08 16:49:29   INFO [pages.ViewListOfFeedbacks_Page_MainModerator] : <button _ngcontent-c32 class="dynamic-form-button feedback-button mat-button cdk-focused cdk-mouse-focused" mat-button type="button" value>Снять с публикации в ЧаВо</button>clicked
2021-30-08 16:49:35   INFO [pages.CreateNewFeedback_Page_MainModerator] : accordions choosed
2021-30-08 16:49:35   INFO [pages.CreateNewFeedback_Page_MainModerator] : opened last feedback in topic PRODUCT in FAQ
2021-30-08 16:56:29   INFO [pages.CreateNewFeedback_Page_MainModerator] : portal Channel choosed
2021-30-08 16:56:40   INFO [pages.CreateNewFeedback_Page_MainModerator] : Production selected in DDTopicField
2021-30-08 16:56:40   INFO [pages.ViewListOfFeedbacks_Page_MainModerator] : text recoded2479
2021-30-08 16:56:46   INFO [pages.ViewListOfFeedbacks_Page_MainModerator] : sitehttps://metinvest-intranet-test.azurewebsites.net/ru/feedback/list/2479 are opened
2021-30-08 16:56:54   INFO [libs.Actions] : Close last popUplast element clicked
2021-30-08 16:56:56   INFO [libs.Actions] : 1 - number of closeBtn
2021-30-08 16:56:56   INFO [libs.Actions] : last close btn clicked
2021-30-08 16:57:02   INFO [pages.ViewListOfFeedbacks_Page_MainModerator] : sitehttps://metinvest-intranet-test.azurewebsites.net/ru/feedback/list/2479 are opened
2021-30-08 16:58:27   INFO [pages.CreateNewFeedback_Page_MainModerator] : portal Channel choosed
2021-30-08 16:58:37   INFO [pages.CreateNewFeedback_Page_MainModerator] : Production selected in DDTopicField
2021-30-08 16:58:38   INFO [pages.ViewListOfFeedbacks_Page_MainModerator] : text recoded2480
2021-30-08 16:58:53   INFO [pages.ViewListOfFeedbacks_Page_MainModerator] : sitehttps://metinvest-intranet-test.azurewebsites.net/ru/feedback/list/2480 are opened
2021-30-08 16:59:42   INFO [pages.CreateNewFeedback_Page_MainModerator] : portal Channel choosed
2021-30-08 16:59:52   INFO [pages.CreateNewFeedback_Page_MainModerator] : Production selected in DDTopicField
2021-30-08 16:59:53   INFO [pages.ViewListOfFeedbacks_Page_MainModerator] : text recoded2481
2021-30-08 16:59:59   INFO [pages.ViewListOfFeedbacks_Page_MainModerator] : sitehttps://metinvest-intranet-test.azurewebsites.net/ru/feedback/list/2481 are opened
2021-30-08 17:00:07   INFO [libs.Actions] : Close last popUplast element clicked
2021-30-08 17:00:09   INFO [libs.Actions] : 1 - number of closeBtn
2021-30-08 17:00:09   INFO [libs.Actions] : last close btn clicked
2021-30-08 17:00:15   INFO [pages.ViewListOfFeedbacks_Page_MainModerator] : sitehttps://metinvest-intranet-test.azurewebsites.net/ru/feedback/list/2481 are opened
2021-30-08 17:00:18   INFO [pages.ViewListOfFeedbacks_Page_MainModerator] : <button _ngcontent-c32 class="dynamic-form-button feedback-button mat-button cdk-focused cdk-mouse-focused" mat-button type="button" value>Снять с публикации в ЧаВо</button>clicked
2021-30-08 17:00:24   INFO [pages.CreateNewFeedback_Page_MainModerator] : accordions choosed
2021-30-08 17:00:24   INFO [pages.CreateNewFeedback_Page_MainModerator] : opened last feedback in topic PRODUCT in FAQ
2021-30-08 17:01:14   INFO [pages.CreateNewFeedback_Page_MainModerator] : portal Channel choosed
2021-30-08 17:01:25   INFO [pages.CreateNewFeedback_Page_MainModerator] : Production selected in DDTopicField
2021-30-08 17:01:26   INFO [pages.ViewListOfFeedbacks_Page_MainModerator] : text recoded2482
2021-30-08 17:01:36   INFO [pages.ViewListOfFeedbacks_Page_MainModerator] : sitehttps://metinvest-intranet-test.azurewebsites.net/ru/feedback/list/2482 are opened
2021-30-08 17:01:44   INFO [libs.Actions] : Close last popUplast element clicked
2021-30-08 17:01:46   INFO [libs.Actions] : 1 - number of closeBtn
2021-30-08 17:01:46   INFO [libs.Actions] : last close btn clicked
2021-30-08 17:01:56   INFO [pages.ViewListOfFeedbacks_Page_MainModerator] : sitehttps://metinvest-intranet-test.azurewebsites.net/ru/feedback/list/2482 are opened
2021-30-08 17:01:59   INFO [pages.ViewListOfFeedbacks_Page_MainModerator] : <button _ngcontent-c32 class="dynamic-form-button feedback-button mat-button cdk-focused cdk-mouse-focused" mat-button type="button" value>StaleElementReferenceException: stale element reference: element is not attached to the page document</StaleElementReferenceException: stale element reference: element is not attached to the page document>clicked
2021-30-08 17:02:07   INFO [pages.CreateNewFeedback_Page_MainModerator] : accordions choosed
2021-30-08 17:02:08   INFO [pages.CreateNewFeedback_Page_MainModerator] : opened last feedback in topic PRODUCT in FAQ
2021-30-08 17:02:53   INFO [pages.CreateNewFeedback_Page_MainModerator] : portal Channel choosed
2021-30-08 17:03:05   INFO [pages.CreateNewFeedback_Page_MainModerator] : Production selected in DDTopicField
2021-30-08 17:03:06   INFO [pages.ViewListOfFeedbacks_Page_MainModerator] : text recoded2483
2021-30-08 17:03:16   INFO [pages.ViewListOfFeedbacks_Page_MainModerator] : sitehttps://metinvest-intranet-test.azurewebsites.net/ru/feedback/list/2483 are opened
2021-30-08 17:03:25   INFO [libs.Actions] : Close last popUplast element clicked
2021-30-08 17:03:27   INFO [libs.Actions] : 1 - number of closeBtn
2021-30-08 17:03:27   INFO [libs.Actions] : last close btn clicked
2021-30-08 17:03:38   INFO [pages.ViewListOfFeedbacks_Page_MainModerator] : sitehttps://metinvest-intranet-test.azurewebsites.net/ru/feedback/list/2483 are opened
2021-30-08 17:03:41   INFO [pages.ViewListOfFeedbacks_Page_MainModerator] : <button _ngcontent-c32 class="dynamic-form-button feedback-button mat-button cdk-focused cdk-mouse-focused" mat-button type="button" value>StaleElementReferenceException: stale element reference: element is not attached to the page document</StaleElementReferenceException: stale element reference: element is not attached to the page document>clicked
2021-30-08 17:03:50   INFO [pages.CreateNewFeedback_Page_MainModerator] : accordions choosed
2021-30-08 17:03:50   INFO [pages.CreateNewFeedback_Page_MainModerator] : opened last feedback in topic PRODUCT in FAQ
2021-31-08 09:22:39   INFO [pages.CreateNewFeedback_Page_MainModerator] : portal Channel choosed
2021-31-08 09:22:51   INFO [pages.CreateNewFeedback_Page_MainModerator] : Production selected in DDTopicField
2021-31-08 09:22:54   INFO [pages.ViewListOfFeedbacks_Page_MainModerator] : text recoded2484
2021-31-08 09:22:55   INFO [pages.ViewListOfFeedbacks_Page_MainModerator] : sitehttps://metinvest-intranet-test.azurewebsites.net/ru/feedback/list/2484 are opened
2021-31-08 09:31:44   INFO [pages.CreateNewFeedback_Page_MainModerator] : portal Channel choosed
2021-31-08 09:31:55   INFO [pages.CreateNewFeedback_Page_MainModerator] : Production selected in DDTopicField
2021-31-08 09:31:56   INFO [pages.ViewListOfFeedbacks_Page_MainModerator] : text recoded2485
2021-31-08 09:31:58   INFO [pages.ViewListOfFeedbacks_Page_MainModerator] : sitehttps://metinvest-intranet-test.azurewebsites.net/ru/feedback/list/2485 are opened
2021-31-08 09:33:24   INFO [pages.CreateNewFeedback_Page_MainModerator] : portal Channel choosed
2021-31-08 09:33:35   INFO [pages.CreateNewFeedback_Page_MainModerator] : Production selected in DDTopicField
2021-31-08 09:33:37   INFO [pages.ViewListOfFeedbacks_Page_MainModerator] : text recoded2486
2021-31-08 09:33:38   INFO [pages.ViewListOfFeedbacks_Page_MainModerator] : sitehttps://metinvest-intranet-test.azurewebsites.net/ru/feedback/list/2486 are opened
2021-31-08 09:38:34   INFO [pages.CreateNewFeedback_Page_MainModerator] : portal Channel choosed
2021-31-08 09:38:45   INFO [pages.CreateNewFeedback_Page_MainModerator] : Production selected in DDTopicField
2021-31-08 09:38:47   INFO [pages.ViewListOfFeedbacks_Page_MainModerator] : text recoded2487
2021-31-08 09:38:48   INFO [pages.ViewListOfFeedbacks_Page_MainModerator] : sitehttps://metinvest-intranet-test.azurewebsites.net/ru/feedback/list/2487 are opened
2021-31-08 09:45:03   INFO [pages.CreateNewFeedback_Page_MainModerator] : portal Channel choosed
2021-31-08 09:45:15   INFO [pages.CreateNewFeedback_Page_MainModerator] : Production selected in DDTopicField
2021-31-08 09:45:16   INFO [pages.ViewListOfFeedbacks_Page_MainModerator] : text recoded2488
2021-31-08 09:45:17   INFO [pages.ViewListOfFeedbacks_Page_MainModerator] : sitehttps://metinvest-intranet-test.azurewebsites.net/ru/feedback/list/2488 are opened
2021-31-08 09:51:51   INFO [pages.CreateNewFeedback_Page_MainModerator] : portal Channel choosed
2021-31-08 09:52:03   INFO [pages.CreateNewFeedback_Page_MainModerator] : Production selected in DDTopicField
2021-31-08 09:52:12   INFO [pages.ViewListOfFeedbacks_Page_MainModerator] : text recoded2489
2021-31-08 09:52:13   INFO [pages.ViewListOfFeedbacks_Page_MainModerator] : sitehttps://metinvest-intranet-test.azurewebsites.net/ru/feedback/list/2489 are opened
2021-31-08 09:54:26   INFO [pages.CreateNewFeedback_Page_MainModerator] : portal Channel choosed
2021-31-08 09:54:37   INFO [pages.CreateNewFeedback_Page_MainModerator] : Production selected in DDTopicField
2021-31-08 09:54:39   INFO [pages.ViewListOfFeedbacks_Page_MainModerator] : text recoded2490
2021-31-08 09:54:41   INFO [pages.ViewListOfFeedbacks_Page_MainModerator] : sitehttps://metinvest-intranet-test.azurewebsites.net/ru/feedback/list/2490 are opened
2021-31-08 09:56:34   INFO [pages.CreateNewFeedback_Page_MainModerator] : portal Channel choosed
2021-31-08 09:56:45   INFO [pages.CreateNewFeedback_Page_MainModerator] : Production selected in DDTopicField
2021-31-08 09:56:47   INFO [pages.ViewListOfFeedbacks_Page_MainModerator] : text recoded2491
2021-31-08 09:56:48   INFO [pages.ViewListOfFeedbacks_Page_MainModerator] : sitehttps://metinvest-intranet-test.azurewebsites.net/ru/feedback/list/2491 are opened
2021-31-08 10:02:00   INFO [pages.CreateNewFeedback_Page_MainModerator] : portal Channel choosed
2021-31-08 10:02:11   INFO [pages.CreateNewFeedback_Page_MainModerator] : Production selected in DDTopicField
2021-31-08 10:02:13   INFO [pages.ViewListOfFeedbacks_Page_MainModerator] : text recoded2492
2021-31-08 10:02:14   INFO [pages.ViewListOfFeedbacks_Page_MainModerator] : sitehttps://metinvest-intranet-test.azurewebsites.net/ru/feedback/list/2492 are opened
2021-31-08 10:04:03   INFO [pages.CreateNewFeedback_Page_MainModerator] : portal Channel choosed
2021-31-08 10:04:14   INFO [pages.CreateNewFeedback_Page_MainModerator] : Production selected in DDTopicField
2021-31-08 10:04:16   INFO [pages.ViewListOfFeedbacks_Page_MainModerator] : text recoded2493
2021-31-08 10:04:17   INFO [pages.ViewListOfFeedbacks_Page_MainModerator] : sitehttps://metinvest-intranet-test.azurewebsites.net/ru/feedback/list/2493 are opened
2021-31-08 10:07:06   INFO [pages.CreateNewFeedback_Page_MainModerator] : portal Channel choosed
2021-31-08 10:07:17   INFO [pages.CreateNewFeedback_Page_MainModerator] : Production selected in DDTopicField
2021-31-08 10:07:19   INFO [pages.ViewListOfFeedbacks_Page_MainModerator] : text recoded2494
2021-31-08 10:07:20   INFO [pages.ViewListOfFeedbacks_Page_MainModerator] : sitehttps://metinvest-intranet-test.azurewebsites.net/ru/feedback/list/2494 are opened
2021-31-08 10:16:45   INFO [pages.CreateNewFeedback_Page_MainModerator] : portal Channel choosed
2021-31-08 10:16:55   INFO [pages.CreateNewFeedback_Page_MainModerator] : Production selected in DDTopicField
2021-31-08 10:16:56   INFO [pages.ViewListOfFeedbacks_Page_MainModerator] : text recoded2495
2021-31-08 10:17:03   INFO [pages.ViewListOfFeedbacks_Page_MainModerator] : sitehttps://metinvest-intranet-test.azurewebsites.net/ru/feedback/list/2495 are opened
2021-31-08 10:17:12   INFO [libs.Actions] : Close last popUplast element clicked
2021-31-08 10:17:14   INFO [libs.Actions] : 1 - number of closeBtn
2021-31-08 10:17:14   INFO [libs.Actions] : last close btn clicked
2021-31-08 10:17:20   INFO [pages.ViewListOfFeedbacks_Page_MainModerator] : sitehttps://metinvest-intranet-test.azurewebsites.net/ru/feedback/list/2495 are opened
2021-31-08 10:17:23   INFO [pages.ViewListOfFeedbacks_Page_MainModerator] : <button _ngcontent-c32 class="dynamic-form-button feedback-button mat-button cdk-focused cdk-mouse-focused" mat-button type="button" value>Снять с публикации в ЧаВо</button>clicked
2021-31-08 10:17:29   INFO [pages.CreateNewFeedback_Page_MainModerator] : accordions choosed
2021-31-08 10:17:29   INFO [pages.CreateNewFeedback_Page_MainModerator] : opened last feedback in topic PRODUCT in FAQ
2021-31-08 10:23:32   INFO [pages.CreateNewFeedback_Page_MainModerator] : portal Channel choosed
2021-31-08 10:23:42   INFO [pages.CreateNewFeedback_Page_MainModerator] : Production selected in DDTopicField
2021-31-08 10:23:43   INFO [pages.ViewListOfFeedbacks_Page_MainModerator] : text recoded2496
2021-31-08 10:23:44   INFO [pages.ViewListOfFeedbacks_Page_MainModerator] : sitehttps://metinvest-intranet-test.azurewebsites.net/ru/feedback/list/2496 are opened
2021-31-08 10:24:31   INFO [pages.CreateNewFeedback_Page_MainModerator] : portal Channel choosed
2021-31-08 10:24:41   INFO [pages.CreateNewFeedback_Page_MainModerator] : Production selected in DDTopicField
2021-31-08 10:24:42   INFO [pages.ViewListOfFeedbacks_Page_MainModerator] : text recoded2497
2021-31-08 10:24:43   INFO [pages.ViewListOfFeedbacks_Page_MainModerator] : sitehttps://metinvest-intranet-test.azurewebsites.net/ru/feedback/list/2497 are opened
2021-31-08 10:24:46   INFO [pages.ViewListOfFeedbacks_Page_MainModerator] : <button _ngcontent-c33 class="dynamic-form-button mat-button feedback-button ng-star-inserted cdk-focused cdk-mouse-focused" mat-button type="submit" value>Отправить</button>clicked
2021-31-08 10:25:32   INFO [pages.CreateNewFeedback_Page_MainModerator] : portal Channel choosed
2021-31-08 10:25:43   INFO [pages.CreateNewFeedback_Page_MainModerator] : Production selected in DDTopicField
2021-31-08 10:25:44   INFO [pages.ViewListOfFeedbacks_Page_MainModerator] : text recoded2498
2021-31-08 10:25:44   INFO [pages.ViewListOfFeedbacks_Page_MainModerator] : sitehttps://metinvest-intranet-test.azurewebsites.net/ru/feedback/list/2498 are opened
2021-31-08 10:25:47   INFO [pages.ViewListOfFeedbacks_Page_MainModerator] : <button _ngcontent-c33 class="dynamic-form-button mat-button feedback-button ng-star-inserted cdk-focused cdk-mouse-focused" mat-button type="submit" value>Отправить</button>clicked
2021-31-08 10:28:17   INFO [pages.CreateNewFeedback_Page_MainModerator] : portal Channel choosed
2021-31-08 10:28:28   INFO [pages.CreateNewFeedback_Page_MainModerator] : Production selected in DDTopicField
2021-31-08 10:28:29   INFO [pages.ViewListOfFeedbacks_Page_MainModerator] : text recoded2499
2021-31-08 10:28:30   INFO [pages.ViewListOfFeedbacks_Page_MainModerator] : sitehttps://metinvest-intranet-test.azurewebsites.net/ru/feedback/list/2499 are opened
2021-31-08 10:28:37   INFO [libs.Actions] : Close last popUplast element clicked
2021-31-08 10:28:37   INFO [pages.ViewListOfFeedbacks_Page_MainModerator] : <button _ngcontent-c32 class="dynamic-form-button feedback-button mat-button cdk-focused cdk-mouse-focused" mat-button type="button" value>Снять с публикации в ЧаВо</button>clicked
2021-31-08 10:28:44   INFO [pages.CreateNewFeedback_Page_MainModerator] : accordions choosed
2021-31-08 10:28:44   INFO [pages.CreateNewFeedback_Page_MainModerator] : opened last feedback in topic PRODUCT in FAQ
2021-31-08 10:29:49   INFO [pages.CreateNewFeedback_Page_MainModerator] : portal Channel choosed
2021-31-08 10:30:00   INFO [pages.CreateNewFeedback_Page_MainModerator] : Production selected in DDTopicField
2021-31-08 10:30:00   INFO [pages.ViewListOfFeedbacks_Page_MainModerator] : text recoded2500
2021-31-08 10:30:01   INFO [pages.ViewListOfFeedbacks_Page_MainModerator] : sitehttps://metinvest-intranet-test.azurewebsites.net/ru/feedback/list/2500 are opened
2021-31-08 10:30:08   INFO [libs.Actions] : Close last popUplast element clicked
2021-31-08 10:30:08   INFO [pages.ViewListOfFeedbacks_Page_MainModerator] : <button _ngcontent-c32 class="dynamic-form-button feedback-button mat-button cdk-focused cdk-mouse-focused" mat-button type="button" value>Снять с публикации в ЧаВо</button>clicked
2021-31-08 10:30:14   INFO [pages.CreateNewFeedback_Page_MainModerator] : accordions choosed
2021-31-08 10:30:14   INFO [pages.CreateNewFeedback_Page_MainModerator] : opened last feedback in topic PRODUCT in FAQ
2021-31-08 10:42:37   INFO [pages.CreateNewFeedback_Page_MainModerator] : portal Channel choosed
2021-31-08 10:42:48   INFO [pages.CreateNewFeedback_Page_MainModerator] : Production selected in DDTopicField
2021-31-08 10:43:03   INFO [pages.ViewListOfFeedbacks_Page_MainModerator] : text recoded2501
2021-31-08 10:43:06   INFO [pages.ViewListOfFeedbacks_Page_MainModerator] : sitehttps://metinvest-intranet-test.azurewebsites.net/ru/feedback/list/2501 are opened
2021-31-08 10:44:03   INFO [pages.CreateNewFeedback_Page_MainModerator] : portal Channel choosed
2021-31-08 10:44:14   INFO [pages.CreateNewFeedback_Page_MainModerator] : Production selected in DDTopicField
2021-31-08 10:44:15   INFO [pages.ViewListOfFeedbacks_Page_MainModerator] : text recoded2502
2021-31-08 10:44:15   INFO [pages.ViewListOfFeedbacks_Page_MainModerator] : sitehttps://metinvest-intranet-test.azurewebsites.net/ru/feedback/list/2502 are opened
2021-31-08 10:44:23   INFO [libs.Actions] : Close last popUplast element clicked
2021-31-08 10:46:12   INFO [pages.CreateNewFeedback_Page_MainModerator] : portal Channel choosed
2021-31-08 10:46:23   INFO [pages.CreateNewFeedback_Page_MainModerator] : Production selected in DDTopicField
2021-31-08 10:46:24   INFO [pages.ViewListOfFeedbacks_Page_MainModerator] : text recoded2503
2021-31-08 10:46:25   INFO [pages.ViewListOfFeedbacks_Page_MainModerator] : sitehttps://metinvest-intranet-test.azurewebsites.net/ru/feedback/list/2503 are opened
2021-31-08 10:46:33   INFO [libs.Actions] : Close last popUplast element clicked
2021-31-08 10:46:34   INFO [pages.ViewListOfFeedbacks_Page_MainModerator] : <button _ngcontent-c32 class="dynamic-form-button feedback-button mat-button cdk-focused cdk-mouse-focused" mat-button type="button" value>Снять с публикации в ЧаВо</button>clicked
2021-31-08 10:46:41   INFO [pages.CreateNewFeedback_Page_MainModerator] : accordions choosed
2021-31-08 10:46:41   INFO [pages.CreateNewFeedback_Page_MainModerator] : opened last feedback in topic PRODUCT in FAQ
2021-31-08 10:47:51   INFO [pages.CreateNewFeedback_Page_MainModerator] : portal Channel choosed
2021-31-08 10:48:01   INFO [pages.CreateNewFeedback_Page_MainModerator] : Production selected in DDTopicField
2021-31-08 10:48:02   INFO [pages.ViewListOfFeedbacks_Page_MainModerator] : text recoded2504
2021-31-08 10:48:02   INFO [pages.ViewListOfFeedbacks_Page_MainModerator] : sitehttps://metinvest-intranet-test.azurewebsites.net/ru/feedback/list/2504 are opened
2021-31-08 10:48:11   INFO [libs.Actions] : Close last popUplast element clicked
2021-31-08 10:48:11   INFO [pages.ViewListOfFeedbacks_Page_MainModerator] : <button _ngcontent-c32 class="dynamic-form-button feedback-button mat-button cdk-focused cdk-mouse-focused" mat-button type="button" value>Снять с публикации в ЧаВо</button>clicked
2021-31-08 10:48:19   INFO [pages.CreateNewFeedback_Page_MainModerator] : accordions choosed
2021-31-08 10:48:19   INFO [pages.CreateNewFeedback_Page_MainModerator] : opened last feedback in topic PRODUCT in FAQ
2021-31-08 10:49:29   INFO [pages.CreateNewFeedback_Page_MainModerator] : portal Channel choosed
2021-31-08 10:49:40   INFO [pages.CreateNewFeedback_Page_MainModerator] : Production selected in DDTopicField
2021-31-08 10:49:43   INFO [pages.ViewListOfFeedbacks_Page_MainModerator] : text recoded2505
2021-31-08 10:49:54   INFO [pages.ViewListOfFeedbacks_Page_MainModerator] : sitehttps://metinvest-intranet-test.azurewebsites.net/ru/feedback/list/2505 are opened
2021-31-08 10:50:02   INFO [libs.Actions] : Close last popUplast element clicked
2021-31-08 10:50:04   INFO [libs.Actions] : 1 - number of closeBtn
2021-31-08 10:50:05   INFO [libs.Actions] : last close btn clicked
2021-31-08 10:50:13   INFO [pages.ViewListOfFeedbacks_Page_MainModerator] : sitehttps://metinvest-intranet-test.azurewebsites.net/ru/feedback/list/2505 are opened
2021-31-08 10:50:17   INFO [pages.ViewListOfFeedbacks_Page_MainModerator] : <button _ngcontent-c32 class="dynamic-form-button feedback-button mat-button cdk-focused cdk-mouse-focused" mat-button type="button" value>Снять с публикации в ЧаВо</button>clicked
2021-31-08 10:50:24   INFO [pages.CreateNewFeedback_Page_MainModerator] : accordions choosed
2021-31-08 10:50:24   INFO [pages.CreateNewFeedback_Page_MainModerator] : opened last feedback in topic PRODUCT in FAQ
2021-31-08 10:50:45   INFO [pages.CreateNewFeedback_Page_MainModerator] : portal Channel choosed
2021-31-08 10:50:55   INFO [pages.CreateNewFeedback_Page_MainModerator] : Production selected in DDTopicField
2021-31-08 10:50:56   INFO [pages.ViewListOfFeedbacks_Page_MainModerator] : text recoded2506
2021-31-08 10:50:56   INFO [pages.ViewListOfFeedbacks_Page_MainModerator] : sitehttps://metinvest-intranet-test.azurewebsites.net/ru/feedback/list/2506 are opened
2021-31-08 10:51:03   INFO [libs.Actions] : Close last popUplast element clicked
2021-31-08 10:51:03   INFO [pages.ViewListOfFeedbacks_Page_MainModerator] : <button _ngcontent-c32 class="dynamic-form-button feedback-button mat-button cdk-focused cdk-mouse-focused" mat-button type="button" value>Снять с публикации в ЧаВо</button>clicked
2021-31-08 10:51:10   INFO [pages.CreateNewFeedback_Page_MainModerator] : accordions choosed
2021-31-08 10:51:10   INFO [pages.CreateNewFeedback_Page_MainModerator] : opened last feedback in topic PRODUCT in FAQ
2021-31-08 11:02:24   INFO [pages.CreateNewFeedback_Page_MainModerator] : portal Channel choosed
2021-31-08 11:02:35   INFO [pages.CreateNewFeedback_Page_MainModerator] : Production selected in DDTopicField
2021-31-08 11:02:36   INFO [pages.ViewListOfFeedbacks_Page_MainModerator] : text recoded2507
2021-31-08 11:02:45   INFO [pages.ViewListOfFeedbacks_Page_MainModerator] : sitehttps://metinvest-intranet-test.azurewebsites.net/ru/feedback/list/2507 are opened
2021-31-08 11:05:14   INFO [pages.CreateNewFeedback_Page_MainModerator] : portal Channel choosed
2021-31-08 11:05:25   INFO [pages.CreateNewFeedback_Page_MainModerator] : Production selected in DDTopicField
2021-31-08 11:05:25   INFO [pages.ViewListOfFeedbacks_Page_MainModerator] : text recoded2508
2021-31-08 11:05:31   INFO [pages.ViewListOfFeedbacks_Page_MainModerator] : sitehttps://metinvest-intranet-test.azurewebsites.net/ru/feedback/list/2508 are opened
2021-31-08 11:05:41   INFO [libs.Actions] : Close last popUplast element clicked
2021-31-08 11:05:43   INFO [libs.Actions] : 1 - number of closeBtn
2021-31-08 11:05:43   INFO [libs.Actions] : last close btn clicked
2021-31-08 11:05:50   INFO [pages.ViewListOfFeedbacks_Page_MainModerator] : sitehttps://metinvest-intranet-test.azurewebsites.net/ru/feedback/list/2508 are opened
2021-31-08 11:05:54   INFO [pages.ViewListOfFeedbacks_Page_MainModerator] : <button _ngcontent-c32 class="dynamic-form-button feedback-button mat-button cdk-focused cdk-mouse-focused" mat-button type="button" value>Снять с публикации в ЧаВо</button>clicked
2021-31-08 11:06:13   INFO [pages.CreateNewFeedback_Page_MainModerator] : accordions choosed
2021-31-08 11:06:14   INFO [pages.CreateNewFeedback_Page_MainModerator] : opened last feedback in topic PRODUCT in FAQ
2021-31-08 11:06:41   INFO [pages.CreateNewFeedback_Page_MainModerator] : portal Channel choosed
2021-31-08 11:06:52   INFO [pages.CreateNewFeedback_Page_MainModerator] : Production selected in DDTopicField
2021-31-08 11:06:52   INFO [pages.ViewListOfFeedbacks_Page_MainModerator] : text recoded2509
2021-31-08 11:06:53   INFO [pages.ViewListOfFeedbacks_Page_MainModerator] : sitehttps://metinvest-intranet-test.azurewebsites.net/ru/feedback/list/2509 are opened
2021-31-08 11:07:00   INFO [libs.Actions] : Close last popUplast element clicked
2021-31-08 11:07:00   INFO [pages.ViewListOfFeedbacks_Page_MainModerator] : <button _ngcontent-c32 class="dynamic-form-button feedback-button mat-button cdk-focused cdk-mouse-focused" mat-button type="button" value>Снять с публикации в ЧаВо</button>clicked
2021-31-08 11:07:09   INFO [pages.CreateNewFeedback_Page_MainModerator] : accordions choosed
2021-31-08 11:07:10   INFO [pages.CreateNewFeedback_Page_MainModerator] : opened last feedback in topic PRODUCT in FAQ
2021-31-08 11:09:46   INFO [pages.CreateNewFeedback_Page_MainModerator] : portal Channel choosed
2021-31-08 11:09:57   INFO [pages.CreateNewFeedback_Page_MainModerator] : Production selected in DDTopicField
2021-31-08 11:09:58   INFO [pages.ViewListOfFeedbacks_Page_MainModerator] : text recoded2510
2021-31-08 11:10:07   INFO [pages.ViewListOfFeedbacks_Page_MainModerator] : sitehttps://metinvest-intranet-test.azurewebsites.net/ru/feedback/list/2510 are opened
2021-31-08 11:10:16   INFO [libs.Actions] : Close last popUplast element clicked
2021-31-08 11:10:18   INFO [libs.Actions] : 1 - number of closeBtn
2021-31-08 11:10:18   INFO [libs.Actions] : last close btn clicked
2021-31-08 11:10:26   INFO [pages.ViewListOfFeedbacks_Page_MainModerator] : sitehttps://metinvest-intranet-test.azurewebsites.net/ru/feedback/list/2510 are opened
2021-31-08 11:10:54   INFO [pages.CreateNewFeedback_Page_MainModerator] : portal Channel choosed
2021-31-08 11:11:05   INFO [pages.CreateNewFeedback_Page_MainModerator] : Production selected in DDTopicField
2021-31-08 11:11:08   INFO [pages.ViewListOfFeedbacks_Page_MainModerator] : text recoded2511
2021-31-08 11:11:08   INFO [pages.ViewListOfFeedbacks_Page_MainModerator] : sitehttps://metinvest-intranet-test.azurewebsites.net/ru/feedback/list/2511 are opened
2021-31-08 11:11:16   INFO [libs.Actions] : Close last popUplast element clicked
2021-31-08 11:11:16   INFO [pages.ViewListOfFeedbacks_Page_MainModerator] : <button _ngcontent-c32 class="dynamic-form-button feedback-button mat-button cdk-focused cdk-mouse-focused" mat-button type="button" value>Снять с публикации в ЧаВо</button>clicked
2021-31-08 11:11:25   INFO [pages.CreateNewFeedback_Page_MainModerator] : accordions choosed
2021-31-08 11:11:25   INFO [pages.CreateNewFeedback_Page_MainModerator] : opened last feedback in topic PRODUCT in FAQ
2021-31-08 11:16:25   INFO [pages.CreateNewFeedback_Page_MainModerator] : portal Channel choosed
2021-31-08 11:16:35   INFO [pages.CreateNewFeedback_Page_MainModerator] : Production selected in DDTopicField
2021-31-08 11:16:36   INFO [pages.ViewListOfFeedbacks_Page_MainModerator] : text recoded2512
2021-31-08 11:16:48   INFO [pages.ViewListOfFeedbacks_Page_MainModerator] : sitehttps://metinvest-intranet-test.azurewebsites.net/ru/feedback/list/2512 are opened
2021-31-08 11:16:55   INFO [libs.Actions] : Close last popUplast element clicked
2021-31-08 11:16:57   INFO [libs.Actions] : 1 - number of closeBtn
2021-31-08 11:16:58   INFO [libs.Actions] : last close btn clicked
2021-31-08 11:17:03   INFO [pages.ViewListOfFeedbacks_Page_MainModerator] : sitehttps://metinvest-intranet-test.azurewebsites.net/ru/feedback/list/2512 are opened
2021-31-08 11:17:05   INFO [pages.ViewListOfFeedbacks_Page_MainModerator] : <button _ngcontent-c32 class="dynamic-form-button feedback-button mat-button cdk-focused cdk-mouse-focused" mat-button type="button" value>Снять с публикации в ЧаВо</button>clicked
2021-31-08 11:17:12   INFO [pages.CreateNewFeedback_Page_MainModerator] : accordions choosed
2021-31-08 11:17:12   INFO [pages.CreateNewFeedback_Page_MainModerator] : opened last feedback in topic PRODUCT in FAQ
2021-31-08 11:17:28   INFO [pages.CreateNewFeedback_Page_MainModerator] : portal Channel choosed
2021-31-08 11:17:39   INFO [pages.CreateNewFeedback_Page_MainModerator] : Production selected in DDTopicField
2021-31-08 11:17:39   INFO [pages.ViewListOfFeedbacks_Page_MainModerator] : text recoded2513
2021-31-08 11:17:40   INFO [pages.ViewListOfFeedbacks_Page_MainModerator] : sitehttps://metinvest-intranet-test.azurewebsites.net/ru/feedback/list/2513 are opened
2021-31-08 11:17:48   INFO [libs.Actions] : Close last popUplast element clicked
2021-31-08 11:17:48   INFO [pages.ViewListOfFeedbacks_Page_MainModerator] : <button _ngcontent-c32 class="dynamic-form-button feedback-button mat-button cdk-focused cdk-mouse-focused" mat-button type="button" value>Снять с публикации в ЧаВо</button>clicked
2021-31-08 11:17:54   INFO [pages.CreateNewFeedback_Page_MainModerator] : accordions choosed
2021-31-08 11:17:54   INFO [pages.CreateNewFeedback_Page_MainModerator] : opened last feedback in topic PRODUCT in FAQ
2021-31-08 11:23:05   INFO [pages.CreateNewFeedback_Page_MainModerator] : portal Channel choosed
2021-31-08 11:23:16   INFO [pages.CreateNewFeedback_Page_MainModerator] : Production selected in DDTopicField
2021-31-08 11:23:17   INFO [pages.ViewListOfFeedbacks_Page_MainModerator] : text recoded2514
2021-31-08 11:23:23   INFO [pages.ViewListOfFeedbacks_Page_MainModerator] : sitehttps://metinvest-intranet-test.azurewebsites.net/ru/feedback/list/2514 are opened
2021-31-08 11:23:31   INFO [libs.Actions] : Close last popUplast element clicked
2021-31-08 11:23:33   INFO [libs.Actions] : 1 - number of closeBtn
2021-31-08 11:23:33   INFO [libs.Actions] : last close btn clicked
2021-31-08 11:23:39   INFO [pages.ViewListOfFeedbacks_Page_MainModerator] : sitehttps://metinvest-intranet-test.azurewebsites.net/ru/feedback/list/2514 are opened
2021-31-08 11:23:41   INFO [pages.ViewListOfFeedbacks_Page_MainModerator] : <button _ngcontent-c32 class="dynamic-form-button feedback-button mat-button cdk-focused cdk-mouse-focused" mat-button type="button" value>Снять с публикации в ЧаВо</button>clicked
2021-31-08 11:23:49   INFO [pages.CreateNewFeedback_Page_MainModerator] : accordions choosed
2021-31-08 11:23:49   INFO [pages.CreateNewFeedback_Page_MainModerator] : opened last feedback in topic PRODUCT in FAQ
2021-31-08 11:24:06   INFO [pages.CreateNewFeedback_Page_MainModerator] : portal Channel choosed
2021-31-08 11:24:17   INFO [pages.CreateNewFeedback_Page_MainModerator] : Production selected in DDTopicField
2021-31-08 11:24:18   INFO [pages.ViewListOfFeedbacks_Page_MainModerator] : text recoded2515
2021-31-08 11:24:18   INFO [pages.ViewListOfFeedbacks_Page_MainModerator] : sitehttps://metinvest-intranet-test.azurewebsites.net/ru/feedback/list/2515 are opened
2021-31-08 11:24:25   INFO [libs.Actions] : Close last popUplast element clicked
2021-31-08 11:24:25   INFO [pages.ViewListOfFeedbacks_Page_MainModerator] : <button _ngcontent-c32 class="dynamic-form-button feedback-button mat-button cdk-focused cdk-mouse-focused" mat-button type="button" value>Снять с публикации в ЧаВо</button>clicked
2021-31-08 11:24:31   INFO [pages.CreateNewFeedback_Page_MainModerator] : accordions choosed
2021-31-08 11:24:31   INFO [pages.CreateNewFeedback_Page_MainModerator] : opened last feedback in topic PRODUCT in FAQ
2021-31-08 17:02:39   INFO [pages.CreateNewFeedback_Page_MainModerator] : portal Channel choosed
2021-31-08 17:02:49   INFO [pages.CreateNewFeedback_Page_MainModerator] : Production selected in DDTopicField
2021-31-08 17:02:51   INFO [pages.ViewListOfFeedbacks_Page_MainModerator] : text recoded2517
2021-31-08 17:02:57   INFO [pages.ViewListOfFeedbacks_Page_MainModerator] : sitehttps://metinvest-intranet-test.azurewebsites.net/ru/feedback/list/2517 are opened
2021-31-08 17:05:39   INFO [pages.CreateNewFeedback_Page_MainModerator] : portal Channel choosed
2021-31-08 17:05:49   INFO [pages.CreateNewFeedback_Page_MainModerator] : Production selected in DDTopicField
2021-31-08 17:05:50   INFO [pages.ViewListOfFeedbacks_Page_MainModerator] : text recoded2518
2021-31-08 17:05:58   INFO [pages.ViewListOfFeedbacks_Page_MainModerator] : sitehttps://metinvest-intranet-test.azurewebsites.net/ru/feedback/list/2518 are opened
2021-31-08 17:17:08   INFO [pages.CreateNewFeedback_Page_MainModerator] : portal Channel choosed
2021-31-08 17:17:18   INFO [pages.CreateNewFeedback_Page_MainModerator] : Production selected in DDTopicField
2021-31-08 17:17:19   INFO [pages.ViewListOfFeedbacks_Page_MainModerator] : text recoded2519
2021-31-08 17:17:25   INFO [pages.ViewListOfFeedbacks_Page_MainModerator] : sitehttps://metinvest-intranet-test.azurewebsites.net/ru/feedback/list/2519 are opened
2021-31-08 17:17:32   INFO [libs.Actions] : Close last popUplast element clicked
2021-31-08 17:17:34   INFO [libs.Actions] : 0 - number of closeBtn
2021-31-08 17:19:05   INFO [pages.CreateNewFeedback_Page_MainModerator] : portal Channel choosed
2021-31-08 17:19:16   INFO [pages.CreateNewFeedback_Page_MainModerator] : Production selected in DDTopicField
2021-31-08 17:19:17   INFO [pages.ViewListOfFeedbacks_Page_MainModerator] : text recoded2520
2021-31-08 17:19:23   INFO [pages.ViewListOfFeedbacks_Page_MainModerator] : sitehttps://metinvest-intranet-test.azurewebsites.net/ru/feedback/list/2520 are opened
2021-31-08 17:19:31   INFO [libs.Actions] : Close last popUplast element clicked
2021-03-09 12:05:01   INFO [pages.CreateNewFeedback_Page_MainModerator] : portal Channel choosed
2021-03-09 12:05:11   INFO [pages.CreateNewFeedback_Page_MainModerator] : Production selected in DDTopicField
2021-03-09 12:05:18   INFO [pages.ViewListOfFeedbacks_Page_MainModerator] : text recoded2521
2021-03-09 12:05:24   INFO [pages.ViewListOfFeedbacks_Page_MainModerator] : sitehttps://metinvest-intranet-test.azurewebsites.net/ru/feedback/list/2521 are opened
2021-03-09 12:05:41   INFO [libs.Actions] : Close last popUplast element clicked
2021-03-09 12:13:37   INFO [pages.CreateNewFeedback_Page_MainModerator] : portal Channel choosed
2021-03-09 12:13:48   INFO [pages.CreateNewFeedback_Page_MainModerator] : Production selected in DDTopicField
2021-03-09 12:13:49   INFO [pages.ViewListOfFeedbacks_Page_MainModerator] : text recoded2522
2021-03-09 12:13:55   INFO [pages.ViewListOfFeedbacks_Page_MainModerator] : sitehttps://metinvest-intranet-test.azurewebsites.net/ru/feedback/list/2522 are opened
2021-03-09 12:13:59   INFO [libs.Actions] : 1 - number of closeBtn
2021-03-09 12:13:59   INFO [libs.Actions] : last close btn clicked
2021-03-09 12:14:54   INFO [pages.CreateNewFeedback_Page_MainModerator] : portal Channel choosed
2021-03-09 12:15:04   INFO [pages.CreateNewFeedback_Page_MainModerator] : Production selected in DDTopicField
2021-03-09 12:15:05   INFO [pages.ViewListOfFeedbacks_Page_MainModerator] : text recoded2523
2021-03-09 12:15:11   INFO [pages.ViewListOfFeedbacks_Page_MainModerator] : sitehttps://metinvest-intranet-test.azurewebsites.net/ru/feedback/list/2523 are opened
2021-03-09 12:15:15   INFO [libs.Actions] : 1 - number of closeBtn
2021-03-09 12:15:15   INFO [libs.Actions] : last close btn clicked
2021-03-09 13:12:42   INFO [pages.CreateNewFeedback_Page_MainModerator] : portal Channel choosed
2021-03-09 13:12:53   INFO [pages.CreateNewFeedback_Page_MainModerator] : Production selected in DDTopicField
2021-03-09 13:13:00   INFO [pages.ViewListOfFeedbacks_Page_MainModerator] : text recoded2524
2021-03-09 13:14:28   INFO [pages.CreateNewFeedback_Page_MainModerator] : portal Channel choosed
2021-03-09 13:14:39   INFO [pages.CreateNewFeedback_Page_MainModerator] : Production selected in DDTopicField
2021-03-09 13:14:41   INFO [pages.ViewListOfFeedbacks_Page_MainModerator] : text recoded2525
2021-03-09 13:14:48   INFO [pages.ViewListOfFeedbacks_Page_MainModerator] : sitehttps://metinvest-intranet-test.azurewebsites.net/ru/feedback/list/2525 are opened
2021-03-09 13:14:57   INFO [libs.Actions] : 1 - number of closeBtn
2021-03-09 13:14:57   INFO [libs.Actions] : last close btn clicked
2021-03-09 13:15:03   INFO [pages.ViewListOfFeedbacks_Page_MainModerator] : sitehttps://metinvest-intranet-test.azurewebsites.net/ru/feedback/list/2525 are opened
2021-03-09 13:17:31   INFO [pages.CreateNewFeedback_Page_MainModerator] : portal Channel choosed
2021-03-09 13:17:41   INFO [pages.CreateNewFeedback_Page_MainModerator] : Production selected in DDTopicField
2021-03-09 13:17:42   INFO [pages.ViewListOfFeedbacks_Page_MainModerator] : text recoded2526
2021-03-09 13:17:48   INFO [pages.ViewListOfFeedbacks_Page_MainModerator] : sitehttps://metinvest-intranet-test.azurewebsites.net/ru/feedback/list/2526 are opened
2021-03-09 13:17:53   INFO [libs.Actions] : 1 - number of closeBtn
2021-03-09 13:17:53   INFO [libs.Actions] : last close btn clicked
2021-03-09 13:17:58   INFO [pages.ViewListOfFeedbacks_Page_MainModerator] : sitehttps://metinvest-intranet-test.azurewebsites.net/ru/feedback/list/2526 are opened
2021-03-09 13:24:16   INFO [pages.CreateNewFeedback_Page_MainModerator] : portal Channel choosed
2021-03-09 13:24:27   INFO [pages.CreateNewFeedback_Page_MainModerator] : Production selected in DDTopicField
2021-03-09 13:24:28   INFO [pages.ViewListOfFeedbacks_Page_MainModerator] : text recoded2527
2021-03-09 13:24:34   INFO [pages.ViewListOfFeedbacks_Page_MainModerator] : sitehttps://metinvest-intranet-test.azurewebsites.net/ru/feedback/list/2527 are opened
2021-03-09 13:24:39   INFO [libs.Actions] : 1 - number of closeBtn
2021-03-09 13:24:39   INFO [libs.Actions] : last close btn clicked
2021-03-09 13:24:45   INFO [pages.ViewListOfFeedbacks_Page_MainModerator] : sitehttps://metinvest-intranet-test.azurewebsites.net/ru/feedback/list/2527 are opened
2021-03-09 13:30:40   INFO [pages.CreateNewFeedback_Page_MainModerator] : portal Channel choosed
2021-03-09 13:30:51   INFO [pages.CreateNewFeedback_Page_MainModerator] : Production selected in DDTopicField
2021-03-09 13:30:52   INFO [pages.ViewListOfFeedbacks_Page_MainModerator] : text recoded2528
2021-03-09 13:30:58   INFO [pages.ViewListOfFeedbacks_Page_MainModerator] : sitehttps://metinvest-intranet-test.azurewebsites.net/ru/feedback/list/2528 are opened
2021-03-09 13:31:05   INFO [libs.Actions] : 1 - number of closeBtn
2021-03-09 13:31:06   INFO [libs.Actions] : last close btn clicked
2021-03-09 13:31:11   INFO [pages.ViewListOfFeedbacks_Page_MainModerator] : sitehttps://metinvest-intranet-test.azurewebsites.net/ru/feedback/list/2528 are opened
2021-03-09 13:32:41   INFO [pages.CreateNewFeedback_Page_MainModerator] : portal Channel choosed
2021-03-09 13:32:52   INFO [pages.CreateNewFeedback_Page_MainModerator] : Production selected in DDTopicField
2021-03-09 13:32:53   INFO [pages.ViewListOfFeedbacks_Page_MainModerator] : text recoded2529
2021-03-09 13:32:59   INFO [pages.ViewListOfFeedbacks_Page_MainModerator] : sitehttps://metinvest-intranet-test.azurewebsites.net/ru/feedback/list/2529 are opened
2021-03-09 13:33:03   INFO [libs.Actions] : 1 - number of closeBtn
2021-03-09 13:33:03   INFO [libs.Actions] : last close btn clicked
2021-03-09 13:33:09   INFO [pages.ViewListOfFeedbacks_Page_MainModerator] : sitehttps://metinvest-intranet-test.azurewebsites.net/ru/feedback/list/2529 are opened
2021-03-09 14:54:32   INFO [pages.CreateNewFeedback_Page_MainModerator] : portal Channel choosed
2021-03-09 14:54:42   INFO [pages.CreateNewFeedback_Page_MainModerator] : Production selected in DDTopicField
2021-03-09 14:54:47   INFO [pages.ViewListOfFeedbacks_Page_MainModerator] : text recoded2530
2021-03-09 14:54:54   INFO [pages.ViewListOfFeedbacks_Page_MainModerator] : sitehttps://metinvest-intranet-test.azurewebsites.net/ru/feedback/list/2530 are opened
2021-03-09 14:55:04   INFO [libs.Actions] : 1 - number of closeBtn
2021-03-09 14:55:04   INFO [libs.Actions] : last close btn clicked
2021-03-09 14:55:10   INFO [pages.ViewListOfFeedbacks_Page_MainModerator] : sitehttps://metinvest-intranet-test.azurewebsites.net/ru/feedback/list/2530 are opened
2021-03-09 14:55:20   INFO [pages.ViewListOfFeedbacks_Page_MainModerator] : sitehttps://metinvest-intranet-test.azurewebsites.net/ru/feedback/list/2530 are opened
